<?xml version="1.0" encoding="UTF-8" standalone="yes"?><!DOCTYPE report PUBLIC "-//JACOCO//DTD Report 1.1//EN" "report.dtd"><report name="Deca Compiler"><sessioninfo id="wificampus-118206.grenet.fr-86201590" start="1643028220676" dump="1643028221718"/><sessioninfo id="wificampus-118206.grenet.fr-ccbd88f9" start="1643028222085" dump="1643028222177"/><sessioninfo id="wificampus-118206.grenet.fr-be3e20a" start="1643028222430" dump="1643028222480"/><sessioninfo id="wificampus-118206.grenet.fr-6543d7de" start="1643028222665" dump="1643028222822"/><sessioninfo id="wificampus-118206.grenet.fr-9ffead58" start="1643028223151" dump="1643028223270"/><sessioninfo id="wificampus-118206.grenet.fr-e68d6253" start="1643028223499" dump="1643028223646"/><sessioninfo id="wificampus-118206.grenet.fr-b612f13a" start="1643028223924" dump="1643028224079"/><sessioninfo id="wificampus-118206.grenet.fr-a33a9abd" start="1643028224288" dump="1643028224410"/><sessioninfo id="wificampus-118206.grenet.fr-38b3981c" start="1643028224638" dump="1643028224723"/><sessioninfo id="wificampus-118206.grenet.fr-360d883d" start="1643028224973" dump="1643028225065"/><sessioninfo id="wificampus-118206.grenet.fr-35c16cf5" start="1643028225255" dump="1643028225429"/><sessioninfo id="wificampus-118206.grenet.fr-3bd27835" start="1643028225631" dump="1643028225705"/><sessioninfo id="wificampus-118206.grenet.fr-baa5929a" start="1643028225958" dump="1643028226032"/><sessioninfo id="wificampus-118206.grenet.fr-3e3cc916" start="1643028226215" dump="1643028226320"/><sessioninfo id="wificampus-118206.grenet.fr-e61403ac" start="1643028226545" dump="1643028226625"/><sessioninfo id="wificampus-118206.grenet.fr-bce0d1f4" start="1643028226862" dump="1643028226953"/><sessioninfo id="wificampus-118206.grenet.fr-5f80e229" start="1643028227148" dump="1643028227226"/><sessioninfo id="wificampus-118206.grenet.fr-292c3062" start="1643028227485" dump="1643028227557"/><sessioninfo id="wificampus-118206.grenet.fr-ef663d30" start="1643028227754" dump="1643028227850"/><sessioninfo id="wificampus-118206.grenet.fr-c6fc362b" start="1643028228049" dump="1643028228124"/><sessioninfo id="wificampus-118206.grenet.fr-bd546c1b" start="1643028228367" dump="1643028228454"/><sessioninfo id="wificampus-118206.grenet.fr-7593adeb" start="1643028228637" dump="1643028228712"/><sessioninfo id="wificampus-118206.grenet.fr-5a52bf05" start="1643028228942" dump="1643028229030"/><sessioninfo id="wificampus-118206.grenet.fr-85a1595a" start="1643028229221" dump="1643028229307"/><sessioninfo id="wificampus-118206.grenet.fr-375a2120" start="1643028229547" dump="1643028229627"/><sessioninfo id="wificampus-118206.grenet.fr-f7fd3c99" start="1643028229828" dump="1643028229915"/><sessioninfo id="wificampus-118206.grenet.fr-1e43ecb3" start="1643028230119" dump="1643028230246"/><sessioninfo id="wificampus-118206.grenet.fr-b0722184" start="1643028230472" dump="1643028230600"/><sessioninfo id="wificampus-118206.grenet.fr-5d9cf853" start="1643028230815" dump="1643028230960"/><sessioninfo id="wificampus-118206.grenet.fr-d5f1cb72" start="1643028231145" dump="1643028231215"/><sessioninfo id="wificampus-118206.grenet.fr-dde0c97" start="1643028231439" dump="1643028231520"/><sessioninfo id="wificampus-118206.grenet.fr-79facf85" start="1643028231711" dump="1643028231800"/><sessioninfo id="wificampus-118206.grenet.fr-96147670" start="1643028232014" dump="1643028232087"/><sessioninfo id="wificampus-118206.grenet.fr-85f97792" start="1643028232291" dump="1643028232385"/><sessioninfo id="wificampus-118206.grenet.fr-46f7db15" start="1643028232579" dump="1643028232649"/><sessioninfo id="wificampus-118206.grenet.fr-ca868ca0" start="1643028232856" dump="1643028232938"/><sessioninfo id="wificampus-118206.grenet.fr-5e1c7462" start="1643028233120" dump="1643028233190"/><sessioninfo id="wificampus-118206.grenet.fr-f7acca5a" start="1643028233419" dump="1643028233497"/><sessioninfo id="wificampus-118206.grenet.fr-6c10eecc" start="1643028233702" dump="1643028233795"/><sessioninfo id="wificampus-118206.grenet.fr-349dea0" start="1643028234002" dump="1643028234087"/><sessioninfo id="wificampus-118206.grenet.fr-2e1a407" start="1643028234303" dump="1643028234403"/><sessioninfo id="wificampus-118206.grenet.fr-63d71914" start="1643028234605" dump="1643028234690"/><sessioninfo id="wificampus-118206.grenet.fr-d7e21976" start="1643028234924" dump="1643028234994"/><sessioninfo id="wificampus-118206.grenet.fr-84ac41a" start="1643028235202" dump="1643028235297"/><sessioninfo id="wificampus-118206.grenet.fr-93aae2" start="1643028235536" dump="1643028235617"/><sessioninfo id="wificampus-118206.grenet.fr-edc04717" start="1643028235826" dump="1643028235919"/><sessioninfo id="wificampus-118206.grenet.fr-84d37922" start="1643028236128" dump="1643028236206"/><sessioninfo id="wificampus-118206.grenet.fr-804c8854" start="1643028236459" dump="1643028236531"/><sessioninfo id="wificampus-118206.grenet.fr-ead3cf0f" start="1643028236742" dump="1643028236837"/><sessioninfo id="wificampus-118206.grenet.fr-b0dfd021" start="1643028237042" dump="1643028237166"/><sessioninfo id="wificampus-118206.grenet.fr-49653ffa" start="1643028237424" dump="1643028237492"/><sessioninfo id="wificampus-118206.grenet.fr-ed8712fc" start="1643028237689" dump="1643028237757"/><sessioninfo id="wificampus-118206.grenet.fr-c26b47c5" start="1643028237977" dump="1643028238062"/><sessioninfo id="wificampus-118206.grenet.fr-d44d22b9" start="1643028238243" dump="1643028238333"/><sessioninfo id="wificampus-118206.grenet.fr-490c71a5" start="1643028238533" dump="1643028238605"/><sessioninfo id="wificampus-118206.grenet.fr-ef4f9a8a" start="1643028238799" dump="1643028238890"/><sessioninfo id="wificampus-118206.grenet.fr-dbc4901a" start="1643028239087" dump="1643028239170"/><sessioninfo id="wificampus-118206.grenet.fr-17d56303" start="1643028239388" dump="1643028239467"/><sessioninfo id="wificampus-118206.grenet.fr-d8784665" start="1643028239653" dump="1643028239725"/><sessioninfo id="wificampus-118206.grenet.fr-8747c526" start="1643028239944" dump="1643028240019"/><sessioninfo id="wificampus-118206.grenet.fr-599fdab1" start="1643028240248" dump="1643028240369"/><sessioninfo id="wificampus-118206.grenet.fr-b38ecec2" start="1643028240593" dump="1643028240684"/><sessioninfo id="wificampus-118206.grenet.fr-3062b2dc" start="1643028240976" dump="1643028241062"/><sessioninfo id="wificampus-118206.grenet.fr-edf4a77" start="1643028241276" dump="1643028241416"/><sessioninfo id="wificampus-118206.grenet.fr-a6ddc36c" start="1643028241632" dump="1643028241704"/><sessioninfo id="wificampus-118206.grenet.fr-9795a47d" start="1643028241949" dump="1643028242026"/><sessioninfo id="wificampus-118206.grenet.fr-55e218aa" start="1643028242234" dump="1643028242573"/><sessioninfo id="wificampus-118206.grenet.fr-111fb8b2" start="1643028242713" dump="1643028242971"/><sessioninfo id="wificampus-118206.grenet.fr-d326d1a1" start="1643028243111" dump="1643028243331"/><sessioninfo id="wificampus-118206.grenet.fr-471e578a" start="1643028243475" dump="1643028243661"/><sessioninfo id="wificampus-118206.grenet.fr-2cdbd0b5" start="1643028243811" dump="1643028244017"/><sessioninfo id="wificampus-118206.grenet.fr-349335c5" start="1643028244140" dump="1643028244336"/><sessioninfo id="wificampus-118206.grenet.fr-2d3fe754" start="1643028244481" dump="1643028244660"/><sessioninfo id="wificampus-118206.grenet.fr-c04be39" start="1643028244797" dump="1643028245064"/><sessioninfo id="wificampus-118206.grenet.fr-82b5a55d" start="1643028245209" dump="1643028245481"/><sessioninfo id="wificampus-118206.grenet.fr-c8142723" start="1643028245645" dump="1643028245945"/><sessioninfo id="wificampus-118206.grenet.fr-6cda443" start="1643028246094" dump="1643028246391"/><sessioninfo id="wificampus-118206.grenet.fr-e148c3" start="1643028246553" dump="1643028246761"/><sessioninfo id="wificampus-118206.grenet.fr-668c2a95" start="1643028246959" dump="1643028247140"/><sessioninfo id="wificampus-118206.grenet.fr-af220a27" start="1643028247271" dump="1643028247506"/><sessioninfo id="wificampus-118206.grenet.fr-cec0ebf3" start="1643028247640" dump="1643028247843"/><sessioninfo id="wificampus-118206.grenet.fr-3ea1a24" start="1643028248014" dump="1643028248225"/><sessioninfo id="wificampus-118206.grenet.fr-87cb623d" start="1643028248387" dump="1643028248597"/><sessioninfo id="wificampus-118206.grenet.fr-f510c114" start="1643028248731" dump="1643028248955"/><sessioninfo id="wificampus-118206.grenet.fr-bd042203" start="1643028249097" dump="1643028249304"/><sessioninfo id="wificampus-118206.grenet.fr-7f062f39" start="1643028249461" dump="1643028249658"/><sessioninfo id="wificampus-118206.grenet.fr-7e55e21b" start="1643028249803" dump="1643028250026"/><sessioninfo id="wificampus-118206.grenet.fr-af5a796f" start="1643028250151" dump="1643028250381"/><sessioninfo id="wificampus-118206.grenet.fr-822b40e6" start="1643028250545" dump="1643028250789"/><sessioninfo id="wificampus-118206.grenet.fr-30c0e487" start="1643028250984" dump="1643028251252"/><sessioninfo id="wificampus-118206.grenet.fr-3dbb70d3" start="1643028251434" dump="1643028251682"/><sessioninfo id="wificampus-118206.grenet.fr-3e13cc4" start="1643028251851" dump="1643028252346"/><sessioninfo id="wificampus-118206.grenet.fr-a4aeb71e" start="1643028252553" dump="1643028253051"/><sessioninfo id="wificampus-118206.grenet.fr-2993723b" start="1643028253235" dump="1643028253725"/><sessioninfo id="wificampus-118206.grenet.fr-66f9d7ff" start="1643028253964" dump="1643028254278"/><sessioninfo id="wificampus-118206.grenet.fr-d7a61f9a" start="1643028254479" dump="1643028254728"/><sessioninfo id="wificampus-118206.grenet.fr-244451b5" start="1643028254897" dump="1643028255103"/><sessioninfo id="wificampus-118206.grenet.fr-26e8e3cb" start="1643028255230" dump="1643028255481"/><sessioninfo id="wificampus-118206.grenet.fr-16dd47b5" start="1643028255629" dump="1643028255855"/><sessioninfo id="wificampus-118206.grenet.fr-d3d93a3a" start="1643028255990" dump="1643028256242"/><sessioninfo id="wificampus-118206.grenet.fr-f4182d4f" start="1643028256415" dump="1643028256616"/><sessioninfo id="wificampus-118206.grenet.fr-3c00b059" start="1643028256757" dump="1643028257063"/><sessioninfo id="wificampus-118206.grenet.fr-34197e8b" start="1643028257220" dump="1643028257496"/><sessioninfo id="wificampus-118206.grenet.fr-f1adaa55" start="1643028257643" dump="1643028257923"/><sessioninfo id="wificampus-118206.grenet.fr-a120b329" start="1643028258061" dump="1643028258288"/><sessioninfo id="wificampus-118206.grenet.fr-f60a75d8" start="1643028258452" dump="1643028258673"/><sessioninfo id="wificampus-118206.grenet.fr-ba65032" start="1643028258826" dump="1643028259063"/><sessioninfo id="wificampus-118206.grenet.fr-f5c988ca" start="1643028259196" dump="1643028259423"/><sessioninfo id="wificampus-118206.grenet.fr-e11feb81" start="1643028259574" dump="1643028259772"/><sessioninfo id="wificampus-118206.grenet.fr-4f569b20" start="1643028259942" dump="1643028260141"/><sessioninfo id="wificampus-118206.grenet.fr-fbe3520e" start="1643028260267" dump="1643028260525"/><sessioninfo id="wificampus-118206.grenet.fr-b80f15d0" start="1643028260687" dump="1643028260963"/><sessioninfo id="wificampus-118206.grenet.fr-e138883" start="1643028261127" dump="1643028261388"/><sessioninfo id="wificampus-118206.grenet.fr-f3747e03" start="1643028261528" dump="1643028261768"/><sessioninfo id="wificampus-118206.grenet.fr-d0eadf6b" start="1643028261940" dump="1643028262129"/><sessioninfo id="wificampus-118206.grenet.fr-664280ff" start="1643028262256" dump="1643028262481"/><sessioninfo id="wificampus-118206.grenet.fr-ee822556" start="1643028262604" dump="1643028262850"/><sessioninfo id="wificampus-118206.grenet.fr-5cbbd330" start="1643028262986" dump="1643028263203"/><sessioninfo id="wificampus-118206.grenet.fr-eaefaa82" start="1643028263588" dump="1643028263768"/><sessioninfo id="wificampus-118206.grenet.fr-f1aa6199" start="1643028263997" dump="1643028264137"/><sessioninfo id="wificampus-118206.grenet.fr-d789b46b" start="1643028264363" dump="1643028264533"/><sessioninfo id="wificampus-118206.grenet.fr-cf39fd8b" start="1643028264759" dump="1643028264938"/><sessioninfo id="wificampus-118206.grenet.fr-3156aaa5" start="1643028265144" dump="1643028265303"/><sessioninfo id="wificampus-118206.grenet.fr-e32e5c2f" start="1643028265543" dump="1643028265695"/><sessioninfo id="wificampus-118206.grenet.fr-43a1eab0" start="1643028265931" dump="1643028266062"/><sessioninfo id="wificampus-118206.grenet.fr-3615d96e" start="1643028266252" dump="1643028266422"/><sessioninfo id="wificampus-118206.grenet.fr-9017eea4" start="1643028266606" dump="1643028266736"/><sessioninfo id="wificampus-118206.grenet.fr-186199ad" start="1643028266960" dump="1643028267085"/><sessioninfo id="wificampus-118206.grenet.fr-317a7f61" start="1643028267287" dump="1643028267447"/><sessioninfo id="wificampus-118206.grenet.fr-429620b2" start="1643028267661" dump="1643028267826"/><sessioninfo id="wificampus-118206.grenet.fr-a671a0d2" start="1643028268031" dump="1643028268161"/><sessioninfo id="wificampus-118206.grenet.fr-ce6f29f6" start="1643028268380" dump="1643028268524"/><sessioninfo id="wificampus-118206.grenet.fr-bb219921" start="1643028268718" dump="1643028268900"/><sessioninfo id="wificampus-118206.grenet.fr-96a54f6f" start="1643028269086" dump="1643028269230"/><sessioninfo id="wificampus-118206.grenet.fr-60b722ac" start="1643028269453" dump="1643028269597"/><sessioninfo id="wificampus-118206.grenet.fr-13ac2697" start="1643028269798" dump="1643028269968"/><sessioninfo id="wificampus-118206.grenet.fr-ed29d8be" start="1643028270158" dump="1643028270321"/><sessioninfo id="wificampus-118206.grenet.fr-27e30ed5" start="1643028270537" dump="1643028270692"/><sessioninfo id="wificampus-118206.grenet.fr-c102ac10" start="1643028270921" dump="1643028271090"/><sessioninfo id="wificampus-118206.grenet.fr-ee64b613" start="1643028271288" dump="1643028271463"/><sessioninfo id="wificampus-118206.grenet.fr-bdb3206e" start="1643028271656" dump="1643028271792"/><sessioninfo id="wificampus-118206.grenet.fr-6882557b" start="1643028272019" dump="1643028272141"/><sessioninfo id="wificampus-118206.grenet.fr-de33ab5a" start="1643028272406" dump="1643028272556"/><sessioninfo id="wificampus-118206.grenet.fr-e45e8bf" start="1643028272771" dump="1643028272933"/><sessioninfo id="wificampus-118206.grenet.fr-e9e7ab9e" start="1643028273127" dump="1643028273272"/><sessioninfo id="wificampus-118206.grenet.fr-bf1f57b2" start="1643028273504" dump="1643028273646"/><sessioninfo id="wificampus-118206.grenet.fr-c74a815e" start="1643028273884" dump="1643028274025"/><sessioninfo id="wificampus-118206.grenet.fr-b6435e4c" start="1643028274224" dump="1643028274398"/><sessioninfo id="wificampus-118206.grenet.fr-f167acc1" start="1643028274594" dump="1643028274731"/><sessioninfo id="wificampus-118206.grenet.fr-41084fa8" start="1643028274961" dump="1643028275098"/><sessioninfo id="wificampus-118206.grenet.fr-d5458a5b" start="1643028275296" dump="1643028275467"/><sessioninfo id="wificampus-118206.grenet.fr-81b724b5" start="1643028275713" dump="1643028275893"/><sessioninfo id="wificampus-118206.grenet.fr-d20d1924" start="1643028276091" dump="1643028276223"/><sessioninfo id="wificampus-118206.grenet.fr-35dc084c" start="1643028276443" dump="1643028276583"/><sessioninfo id="wificampus-118206.grenet.fr-1d56c54f" start="1643028276772" dump="1643028276939"/><sessioninfo id="wificampus-118206.grenet.fr-aa5a1efc" start="1643028277125" dump="1643028277268"/><sessioninfo id="wificampus-118206.grenet.fr-71fbbe33" start="1643028277489" dump="1643028277628"/><sessioninfo id="wificampus-118206.grenet.fr-62947659" start="1643028277844" dump="1643028277998"/><sessioninfo id="wificampus-118206.grenet.fr-b05c4244" start="1643028278191" dump="1643028278371"/><sessioninfo id="wificampus-118206.grenet.fr-a8f1a7f7" start="1643028278577" dump="1643028278719"/><sessioninfo id="wificampus-118206.grenet.fr-bc1de884" start="1643028278946" dump="1643028279107"/><sessioninfo id="wificampus-118206.grenet.fr-482d5810" start="1643028279308" dump="1643028279487"/><sessioninfo id="wificampus-118206.grenet.fr-a0deb899" start="1643028279751" dump="1643028279969"/><sessioninfo id="wificampus-118206.grenet.fr-23f90d57" start="1643028280231" dump="1643028280434"/><sessioninfo id="wificampus-118206.grenet.fr-b620b48a" start="1643028280683" dump="1643028281027"/><sessioninfo id="wificampus-118206.grenet.fr-7f9fac00" start="1643028281781" dump="1643028281956"/><sessioninfo id="wificampus-118206.grenet.fr-81564e93" start="1643028282146" dump="1643028282296"/><sessioninfo id="wificampus-118206.grenet.fr-1564e3e1" start="1643028282520" dump="1643028282669"/><sessioninfo id="wificampus-118206.grenet.fr-6941d442" start="1643028282895" dump="1643028283044"/><sessioninfo id="wificampus-118206.grenet.fr-416592c8" start="1643028283267" dump="1643028283434"/><sessioninfo id="wificampus-118206.grenet.fr-b5dccfa3" start="1643028283645" dump="1643028283797"/><sessioninfo id="wificampus-118206.grenet.fr-95a2e21" start="1643028284002" dump="1643028284146"/><sessioninfo id="wificampus-118206.grenet.fr-4c95faad" start="1643028284350" dump="1643028284489"/><sessioninfo id="wificampus-118206.grenet.fr-1d4b0805" start="1643028284674" dump="1643028284821"/><sessioninfo id="wificampus-118206.grenet.fr-9de47f45" start="1643028285019" dump="1643028285165"/><sessioninfo id="wificampus-118206.grenet.fr-3444b89e" start="1643028285625" dump="1643028285829"/><sessioninfo id="wificampus-118206.grenet.fr-e018c3ec" start="1643028286071" dump="1643028286210"/><sessioninfo id="wificampus-118206.grenet.fr-21d482c3" start="1643028286471" dump="1643028286634"/><sessioninfo id="wificampus-118206.grenet.fr-d41bc85c" start="1643028286873" dump="1643028287053"/><sessioninfo id="wificampus-118206.grenet.fr-e5819257" start="1643028287274" dump="1643028287462"/><sessioninfo id="wificampus-118206.grenet.fr-96ed0eb5" start="1643028287673" dump="1643028287852"/><sessioninfo id="wificampus-118206.grenet.fr-2daaad1c" start="1643028288067" dump="1643028288231"/><sessioninfo id="wificampus-118206.grenet.fr-4013ae69" start="1643028288501" dump="1643028288657"/><sessioninfo id="wificampus-118206.grenet.fr-172f978" start="1643028288913" dump="1643028289057"/><sessioninfo id="wificampus-118206.grenet.fr-cd66f5c3" start="1643028289265" dump="1643028289465"/><sessioninfo id="wificampus-118206.grenet.fr-23b233b4" start="1643028289671" dump="1643028289845"/><sessioninfo id="wificampus-118206.grenet.fr-1a3a627c" start="1643028290057" dump="1643028290201"/><sessioninfo id="wificampus-118206.grenet.fr-7e79bcd7" start="1643028290442" dump="1643028290596"/><sessioninfo id="wificampus-118206.grenet.fr-f499194b" start="1643028290805" dump="1643028290974"/><sessioninfo id="wificampus-118206.grenet.fr-49e3392d" start="1643028291166" dump="1643028291341"/><sessioninfo id="wificampus-118206.grenet.fr-daba9d7" start="1643028291547" dump="1643028291687"/><sessioninfo id="wificampus-118206.grenet.fr-acbad9bc" start="1643028291953" dump="1643028292119"/><sessioninfo id="wificampus-118206.grenet.fr-cf87d9d9" start="1643028292366" dump="1643028292538"/><sessioninfo id="wificampus-118206.grenet.fr-97faec0d" start="1643028292731" dump="1643028292909"/><sessioninfo id="wificampus-118206.grenet.fr-db6a42e0" start="1643028293121" dump="1643028293301"/><sessioninfo id="wificampus-118206.grenet.fr-858a9964" start="1643028293513" dump="1643028293673"/><sessioninfo id="wificampus-118206.grenet.fr-7f233c57" start="1643028293937" dump="1643028294135"/><sessioninfo id="wificampus-118206.grenet.fr-42b7bc84" start="1643028294420" dump="1643028294590"/><sessioninfo id="wificampus-118206.grenet.fr-58ae9c2" start="1643028294840" dump="1643028295009"/><sessioninfo id="wificampus-118206.grenet.fr-3ef179cc" start="1643028295237" dump="1643028295435"/><sessioninfo id="wificampus-118206.grenet.fr-44b6c8be" start="1643028295660" dump="1643028295838"/><sessioninfo id="wificampus-118206.grenet.fr-b347aa42" start="1643028296056" dump="1643028296210"/><sessioninfo id="wificampus-118206.grenet.fr-25693581" start="1643028296460" dump="1643028296597"/><sessioninfo id="wificampus-118206.grenet.fr-a7c73109" start="1643028296794" dump="1643028296963"/><sessioninfo id="wificampus-118206.grenet.fr-e50b099d" start="1643028297149" dump="1643028297314"/><sessioninfo id="wificampus-118206.grenet.fr-9e1840a9" start="1643028297524" dump="1643028297671"/><sessioninfo id="wificampus-118206.grenet.fr-31073a5d" start="1643028297923" dump="1643028298068"/><sessioninfo id="wificampus-118206.grenet.fr-c70c107e" start="1643028298275" dump="1643028298463"/><sessioninfo id="wificampus-118206.grenet.fr-aa60fc13" start="1643028298672" dump="1643028298862"/><sessioninfo id="wificampus-118206.grenet.fr-7dd0a0bb" start="1643028299097" dump="1643028299265"/><sessioninfo id="wificampus-118206.grenet.fr-54ee737d" start="1643028299522" dump="1643028299679"/><sessioninfo id="wificampus-118206.grenet.fr-f0bf20b6" start="1643028299932" dump="1643028300085"/><sessioninfo id="wificampus-118206.grenet.fr-b115809c" start="1643028300285" dump="1643028300479"/><sessioninfo id="wificampus-118206.grenet.fr-ac48710b" start="1643028300677" dump="1643028300835"/><sessioninfo id="wificampus-118206.grenet.fr-3dd30678" start="1643028301047" dump="1643028301191"/><sessioninfo id="wificampus-118206.grenet.fr-a9fd7e68" start="1643028301422" dump="1643028301583"/><sessioninfo id="wificampus-118206.grenet.fr-2568ff7f" start="1643028301782" dump="1643028302012"/><sessioninfo id="wificampus-118206.grenet.fr-ab99f0f6" start="1643028302239" dump="1643028302426"/><sessioninfo id="wificampus-118206.grenet.fr-e7532be7" start="1643028302621" dump="1643028302765"/><sessioninfo id="wificampus-118206.grenet.fr-c443af99" start="1643028302984" dump="1643028303122"/><sessioninfo id="wificampus-118206.grenet.fr-2d6dbf9a" start="1643028303333" dump="1643028303490"/><sessioninfo id="wificampus-118206.grenet.fr-a42a58a4" start="1643028303677" dump="1643028303837"/><sessioninfo id="wificampus-118206.grenet.fr-8ffde528" start="1643028304041" dump="1643028304184"/><sessioninfo id="wificampus-118206.grenet.fr-eb462ee8" start="1643028304411" dump="1643028304556"/><sessioninfo id="wificampus-118206.grenet.fr-5bc1977" start="1643028304744" dump="1643028304930"/><sessioninfo id="wificampus-118206.grenet.fr-741eea06" start="1643028305145" dump="1643028305341"/><sessioninfo id="wificampus-118206.grenet.fr-2611ebe6" start="1643028305615" dump="1643028305832"/><sessioninfo id="wificampus-118206.grenet.fr-81609dc4" start="1643028306070" dump="1643028306224"/><sessioninfo id="wificampus-118206.grenet.fr-4afc5ab1" start="1643028306477" dump="1643028306645"/><sessioninfo id="wificampus-118206.grenet.fr-f199d24" start="1643028306864" dump="1643028307025"/><sessioninfo id="wificampus-118206.grenet.fr-853b8483" start="1643028307216" dump="1643028307424"/><sessioninfo id="wificampus-118206.grenet.fr-95ad2e94" start="1643028307621" dump="1643028307764"/><sessioninfo id="wificampus-118206.grenet.fr-ad4e3fdf" start="1643028307991" dump="1643028308192"/><sessioninfo id="wificampus-118206.grenet.fr-d29b14a4" start="1643028308493" dump="1643028308704"/><sessioninfo id="wificampus-118206.grenet.fr-645031bf" start="1643028308954" dump="1643028309180"/><sessioninfo id="wificampus-118206.grenet.fr-278a7696" start="1643028309594" dump="1643028309935"/><sessioninfo id="wificampus-118206.grenet.fr-1061ae9c" start="1643028310142" dump="1643028310303"/><sessioninfo id="wificampus-118206.grenet.fr-40b8e143" start="1643028310512" dump="1643028310652"/><sessioninfo id="wificampus-118206.grenet.fr-5963442e" start="1643028310857" dump="1643028311002"/><sessioninfo id="wificampus-118206.grenet.fr-4c63d517" start="1643028311186" dump="1643028311354"/><sessioninfo id="wificampus-118206.grenet.fr-577334e6" start="1643028311545" dump="1643028311692"/><sessioninfo id="wificampus-118206.grenet.fr-d6cdf71" start="1643028311899" dump="1643028312067"/><sessioninfo id="wificampus-118206.grenet.fr-aa255125" start="1643028312265" dump="1643028312432"/><sessioninfo id="wificampus-118206.grenet.fr-12dcbda2" start="1643028312629" dump="1643028312792"/><sessioninfo id="wificampus-118206.grenet.fr-7cacabbd" start="1643028312995" dump="1643028313146"/><sessioninfo id="wificampus-118206.grenet.fr-f57d4dfa" start="1643028313351" dump="1643028313502"/><sessioninfo id="wificampus-118206.grenet.fr-38260f97" start="1643028313693" dump="1643028313869"/><sessioninfo id="wificampus-118206.grenet.fr-19553584" start="1643028314076" dump="1643028314219"/><sessioninfo id="wificampus-118206.grenet.fr-6a2b6e97" start="1643028314431" dump="1643028315512"/><sessioninfo id="wificampus-118206.grenet.fr-920f1915" start="1643028315712" dump="1643028315894"/><sessioninfo id="wificampus-118206.grenet.fr-ba5b79dd" start="1643028316087" dump="1643028316242"/><sessioninfo id="wificampus-118206.grenet.fr-3fb80fa0" start="1643028316455" dump="1643028316600"/><sessioninfo id="wificampus-118206.grenet.fr-abc93aa3" start="1643028316799" dump="1643028316949"/><sessioninfo id="wificampus-118206.grenet.fr-55cdd11b" start="1643028317139" dump="1643028317286"/><sessioninfo id="wificampus-118206.grenet.fr-beb7d3d6" start="1643028317498" dump="1643028317642"/><sessioninfo id="wificampus-118206.grenet.fr-619089f4" start="1643028317848" dump="1643028317995"/><sessioninfo id="wificampus-118206.grenet.fr-5c7fafec" start="1643028318192" dump="1643028318355"/><sessioninfo id="wificampus-118206.grenet.fr-498a3e98" start="1643028318556" dump="1643028318699"/><sessioninfo id="wificampus-118206.grenet.fr-64ad7a05" start="1643028318908" dump="1643028319051"/><sessioninfo id="wificampus-118206.grenet.fr-8f59bba7" start="1643028319238" dump="1643028319400"/><sessioninfo id="wificampus-118206.grenet.fr-87adea88" start="1643028319620" dump="1643028319790"/><sessioninfo id="wificampus-118206.grenet.fr-f8f92c44" start="1643028320032" dump="1643028320187"/><sessioninfo id="wificampus-118206.grenet.fr-f386db60" start="1643028320412" dump="1643028320552"/><sessioninfo id="wificampus-118206.grenet.fr-f9df1814" start="1643028320742" dump="1643028320942"/><sessioninfo id="wificampus-118206.grenet.fr-5694f7ec" start="1643028321281" dump="1643028321514"/><sessioninfo id="wificampus-118206.grenet.fr-f7947083" start="1643028321724" dump="1643028321940"/><sessioninfo id="wificampus-118206.grenet.fr-6f3d3503" start="1643028322170" dump="1643028322338"/><sessioninfo id="wificampus-118206.grenet.fr-be319df4" start="1643028322737" dump="1643028322959"/><sessioninfo id="wificampus-118206.grenet.fr-bfe3ebaa" start="1643028323212" dump="1643028323461"/><sessioninfo id="wificampus-118206.grenet.fr-21771ebc" start="1643028323764" dump="1643028324034"/><sessioninfo id="wificampus-118206.grenet.fr-2d08acc8" start="1643028324276" dump="1643028324499"/><sessioninfo id="wificampus-118206.grenet.fr-f8e9befe" start="1643028324919" dump="1643028325247"/><sessioninfo id="wificampus-118206.grenet.fr-cd447db8" start="1643028325677" dump="1643028325956"/><sessioninfo id="wificampus-118206.grenet.fr-69629faa" start="1643028326284" dump="1643028326759"/><sessioninfo id="wificampus-118206.grenet.fr-f20765aa" start="1643028327159" dump="1643028327452"/><sessioninfo id="wificampus-118206.grenet.fr-7df3841b" start="1643028327731" dump="1643028327906"/><sessioninfo id="wificampus-118206.grenet.fr-a7df84bc" start="1643028328137" dump="1643028328381"/><sessioninfo id="wificampus-118206.grenet.fr-fa8307d1" start="1643028328692" dump="1643028328892"/><sessioninfo id="wificampus-118206.grenet.fr-48988039" start="1643028329208" dump="1643028329384"/><sessioninfo id="wificampus-118206.grenet.fr-1a4c0b1c" start="1643028329754" dump="1643028329908"/><sessioninfo id="wificampus-118206.grenet.fr-37f256ed" start="1643028330262" dump="1643028330414"/><sessioninfo id="wificampus-118206.grenet.fr-7e4ddcfa" start="1643028330614" dump="1643028330768"/><sessioninfo id="wificampus-118206.grenet.fr-2b4e1116" start="1643028331076" dump="1643028331376"/><sessioninfo id="wificampus-118206.grenet.fr-486f7a35" start="1643028331579" dump="1643028331825"/><sessioninfo id="wificampus-118206.grenet.fr-c3397ae2" start="1643028332054" dump="1643028332226"/><sessioninfo id="wificampus-118206.grenet.fr-34ece85e" start="1643028332443" dump="1643028332613"/><sessioninfo id="wificampus-118206.grenet.fr-8c54af8a" start="1643028332843" dump="1643028332994"/><sessioninfo id="wificampus-118206.grenet.fr-6480f242" start="1643028333360" dump="1643028333515"/><sessioninfo id="wificampus-118206.grenet.fr-7fd6915" start="1643028333813" dump="1643028334203"/><sessioninfo id="wificampus-118206.grenet.fr-7ddaed15" start="1643028334469" dump="1643028334748"/><sessioninfo id="wificampus-118206.grenet.fr-9e7618d7" start="1643028335085" dump="1643028335383"/><sessioninfo id="wificampus-118206.grenet.fr-a809b1b5" start="1643028335588" dump="1643028335737"/><sessioninfo id="wificampus-118206.grenet.fr-8a04a1bf" start="1643028336008" dump="1643028336191"/><sessioninfo id="wificampus-118206.grenet.fr-dcec33d4" start="1643028336520" dump="1643028336668"/><sessioninfo id="wificampus-118206.grenet.fr-14e6810" start="1643028337117" dump="1643028337300"/><sessioninfo id="wificampus-118206.grenet.fr-ef7d7c58" start="1643028337507" dump="1643028337816"/><sessioninfo id="wificampus-118206.grenet.fr-46725ac5" start="1643028338049" dump="1643028338204"/><sessioninfo id="wificampus-118206.grenet.fr-d5c35dc8" start="1643028338513" dump="1643028338691"/><sessioninfo id="wificampus-118206.grenet.fr-952e31d2" start="1643028338949" dump="1643028339105"/><sessioninfo id="wificampus-118206.grenet.fr-25f8b82e" start="1643028339335" dump="1643028339582"/><sessioninfo id="wificampus-118206.grenet.fr-d31ec597" start="1643028339830" dump="1643028339986"/><sessioninfo id="wificampus-118206.grenet.fr-f17fe0e" start="1643028340236" dump="1643028340444"/><sessioninfo id="wificampus-118206.grenet.fr-31fe255c" start="1643028340650" dump="1643028340836"/><sessioninfo id="wificampus-118206.grenet.fr-93168bbc" start="1643028341034" dump="1643028341184"/><sessioninfo id="wificampus-118206.grenet.fr-2071f435" start="1643028341385" dump="1643028341526"/><sessioninfo id="wificampus-118206.grenet.fr-547bfa36" start="1643028341718" dump="1643028341862"/><sessioninfo id="wificampus-118206.grenet.fr-a5453a46" start="1643028342060" dump="1643028342207"/><sessioninfo id="wificampus-118206.grenet.fr-b8f734a6" start="1643028342413" dump="1643028342570"/><sessioninfo id="wificampus-118206.grenet.fr-e615069c" start="1643028342762" dump="1643028342913"/><sessioninfo id="wificampus-118206.grenet.fr-398e7f2a" start="1643028343111" dump="1643028343237"/><sessioninfo id="wificampus-118206.grenet.fr-e919730a" start="1643028343432" dump="1643028343600"/><sessioninfo id="wificampus-118206.grenet.fr-4e6e9c38" start="1643028343806" dump="1643028343955"/><sessioninfo id="wificampus-118206.grenet.fr-6e3af4bb" start="1643028344153" dump="1643028344309"/><sessioninfo id="wificampus-118206.grenet.fr-5d89e231" start="1643028344498" dump="1643028344648"/><sessioninfo id="wificampus-118206.grenet.fr-387c8cf8" start="1643028344841" dump="1643028344988"/><sessioninfo id="wificampus-118206.grenet.fr-1d80591c" start="1643028345182" dump="1643028345342"/><sessioninfo id="wificampus-118206.grenet.fr-49bf36ae" start="1643028345548" dump="1643028345742"/><sessioninfo id="wificampus-118206.grenet.fr-9b6d8eaa" start="1643028345997" dump="1643028346178"/><sessioninfo id="wificampus-118206.grenet.fr-cd6b0cc2" start="1643028346395" dump="1643028346567"/><sessioninfo id="wificampus-118206.grenet.fr-b41cc19f" start="1643028346776" dump="1643028346950"/><sessioninfo id="wificampus-118206.grenet.fr-91463eaf" start="1643028347171" dump="1643028347325"/><sessioninfo id="wificampus-118206.grenet.fr-46d92fad" start="1643028347518" dump="1643028347690"/><sessioninfo id="wificampus-118206.grenet.fr-a6d77a9d" start="1643028347915" dump="1643028348079"/><sessioninfo id="wificampus-118206.grenet.fr-34b31a77" start="1643028348284" dump="1643028348422"/><sessioninfo id="wificampus-118206.grenet.fr-f39caff2" start="1643028348613" dump="1643028348750"/><sessioninfo id="wificampus-118206.grenet.fr-df113f04" start="1643028348949" dump="1643028349105"/><sessioninfo id="wificampus-118206.grenet.fr-6bdbaa72" start="1643028349299" dump="1643028349433"/><sessioninfo id="wificampus-118206.grenet.fr-c313d5cb" start="1643028349621" dump="1643028349752"/><sessioninfo id="wificampus-118206.grenet.fr-ef689562" start="1643028349948" dump="1643028350187"/><sessioninfo id="wificampus-118206.grenet.fr-f9e67c90" start="1643028350415" dump="1643028350676"/><sessioninfo id="wificampus-118206.grenet.fr-50d904f" start="1643028350886" dump="1643028351180"/><sessioninfo id="wificampus-118206.grenet.fr-facc85f9" start="1643028351470" dump="1643028351687"/><sessioninfo id="wificampus-118206.grenet.fr-4ecf58d6" start="1643028351956" dump="1643028352125"/><sessioninfo id="wificampus-118206.grenet.fr-a3e2f2c6" start="1643028352374" dump="1643028352512"/><sessioninfo id="wificampus-118206.grenet.fr-47de842e" start="1643028352787" dump="1643028352922"/><sessioninfo id="wificampus-118206.grenet.fr-f392b2df" start="1643028353113" dump="1643028353251"/><sessioninfo id="wificampus-118206.grenet.fr-4681b6f8" start="1643028353484" dump="1643028353878"/><sessioninfo id="wificampus-118206.grenet.fr-734a5ccd" start="1643028354107" dump="1643028354303"/><sessioninfo id="wificampus-118206.grenet.fr-8201612c" start="1643028354600" dump="1643028354891"/><sessioninfo id="wificampus-118206.grenet.fr-967931be" start="1643028355152" dump="1643028355476"/><sessioninfo id="wificampus-118206.grenet.fr-85996fe6" start="1643028355615" dump="1643028356001"/><sessioninfo id="wificampus-118206.grenet.fr-fc92b9a" start="1643028356195" dump="1643028356503"/><sessioninfo id="wificampus-118206.grenet.fr-8cfe1f03" start="1643028356668" dump="1643028356984"/><sessioninfo id="wificampus-118206.grenet.fr-6e4f6ee4" start="1643028357137" dump="1643028357361"/><sessioninfo id="wificampus-118206.grenet.fr-9a4dcab2" start="1643028357498" dump="1643028357703"/><sessioninfo id="wificampus-118206.grenet.fr-faa01cf8" start="1643028357826" dump="1643028358131"/><sessioninfo id="wificampus-118206.grenet.fr-1d49351c" start="1643028358256" dump="1643028358509"/><sessioninfo id="wificampus-118206.grenet.fr-578c4ab6" start="1643028358655" dump="1643028358987"/><sessioninfo id="wificampus-118206.grenet.fr-444a93a5" start="1643028359132" dump="1643028359368"/><sessioninfo id="wificampus-118206.grenet.fr-787e34f8" start="1643028359519" dump="1643028359810"/><sessioninfo id="wificampus-118206.grenet.fr-bbbd95bc" start="1643028359992" dump="1643028360383"/><sessioninfo id="wificampus-118206.grenet.fr-f77f64a9" start="1643028360553" dump="1643028360826"/><sessioninfo id="wificampus-118206.grenet.fr-1281616a" start="1643028360974" dump="1643028361224"/><sessioninfo id="wificampus-118206.grenet.fr-f4921ba4" start="1643028361384" dump="1643028361642"/><sessioninfo id="wificampus-118206.grenet.fr-94e083e6" start="1643028361783" dump="1643028362017"/><sessioninfo id="wificampus-118206.grenet.fr-656fd417" start="1643028362173" dump="1643028362496"/><sessioninfo id="wificampus-118206.grenet.fr-3c4d712f" start="1643028362640" dump="1643028362955"/><sessioninfo id="wificampus-118206.grenet.fr-90d7393a" start="1643028363157" dump="1643028363437"/><sessioninfo id="wificampus-118206.grenet.fr-3195c6de" start="1643028363628" dump="1643028363846"/><sessioninfo id="wificampus-118206.grenet.fr-3e211633" start="1643028363970" dump="1643028364177"/><sessioninfo id="wificampus-118206.grenet.fr-230d9109" start="1643028364325" dump="1643028364553"/><sessioninfo id="wificampus-118206.grenet.fr-5bed8947" start="1643028364697" dump="1643028364969"/><sessioninfo id="wificampus-118206.grenet.fr-8d5b162b" start="1643028365126" dump="1643028365412"/><sessioninfo id="wificampus-118206.grenet.fr-9bb784c" start="1643028365558" dump="1643028365823"/><sessioninfo id="wificampus-118206.grenet.fr-1c636b1c" start="1643028365975" dump="1643028366275"/><sessioninfo id="wificampus-118206.grenet.fr-3a7c4c33" start="1643028366437" dump="1643028366702"/><sessioninfo id="wificampus-118206.grenet.fr-5d7db88d" start="1643028366862" dump="1643028367068"/><sessioninfo id="wificampus-118206.grenet.fr-5d0a6a10" start="1643028367195" dump="1643028367396"/><sessioninfo id="wificampus-118206.grenet.fr-65f632af" start="1643028367560" dump="1643028367830"/><sessioninfo id="wificampus-118206.grenet.fr-aa06e6f" start="1643028367985" dump="1643028368284"/><sessioninfo id="wificampus-118206.grenet.fr-eebe6e28" start="1643028368484" dump="1643028368845"/><sessioninfo id="wificampus-118206.grenet.fr-5f8b2e4d" start="1643028368995" dump="1643028369379"/><sessioninfo id="wificampus-118206.grenet.fr-cc083fe0" start="1643028369571" dump="1643028369881"/><sessioninfo id="wificampus-118206.grenet.fr-40f73734" start="1643028370053" dump="1643028370287"/><sessioninfo id="wificampus-118206.grenet.fr-20ba006e" start="1643028370429" dump="1643028370716"/><sessioninfo id="wificampus-118206.grenet.fr-edcbb9f9" start="1643028370875" dump="1643028371216"/><sessioninfo id="wificampus-118206.grenet.fr-b46ebbf4" start="1643028371367" dump="1643028371593"/><sessioninfo id="wificampus-118206.grenet.fr-a498fffa" start="1643028371718" dump="1643028372010"/><sessioninfo id="wificampus-118206.grenet.fr-1d7fe923" start="1643028372159" dump="1643028372451"/><sessioninfo id="wificampus-118206.grenet.fr-c5c0fec9" start="1643028372585" dump="1643028372782"/><sessioninfo id="wificampus-118206.grenet.fr-9ea58522" start="1643028372927" dump="1643028373003"/><sessioninfo id="wificampus-118206.grenet.fr-cf79c091" start="1643028373118" dump="1643028373196"/><sessioninfo id="wificampus-118206.grenet.fr-ee7e5415" start="1643028373327" dump="1643028373413"/><sessioninfo id="wificampus-118206.grenet.fr-1682851a" start="1643028373543" dump="1643028373633"/><sessioninfo id="wificampus-118206.grenet.fr-78380602" start="1643028373744" dump="1643028373832"/><sessioninfo id="wificampus-118206.grenet.fr-93f37a9f" start="1643028373962" dump="1643028374050"/><sessioninfo id="wificampus-118206.grenet.fr-b851c2b5" start="1643028374168" dump="1643028374288"/><sessioninfo id="wificampus-118206.grenet.fr-b07b951e" start="1643028374446" dump="1643028374520"/><sessioninfo id="wificampus-118206.grenet.fr-90798d2b" start="1643028374632" dump="1643028374707"/><sessioninfo id="wificampus-118206.grenet.fr-8e6dbef6" start="1643028374867" dump="1643028374961"/><sessioninfo id="wificampus-118206.grenet.fr-2486ea2f" start="1643028375242" dump="1643028375396"/><sessioninfo id="wificampus-118206.grenet.fr-e5bc6075" start="1643028375591" dump="1643028375907"/><sessioninfo id="wificampus-118206.grenet.fr-5a11d92c" start="1643028376160" dump="1643028376465"/><sessioninfo id="wificampus-118206.grenet.fr-4e06f55f" start="1643028376601" dump="1643028376907"/><sessioninfo id="wificampus-118206.grenet.fr-44825b9a" start="1643028377054" dump="1643028377323"/><sessioninfo id="wificampus-118206.grenet.fr-9501e4d1" start="1643028377463" dump="1643028377697"/><sessioninfo id="wificampus-118206.grenet.fr-eb14fc83" start="1643028377835" dump="1643028378131"/><sessioninfo id="wificampus-118206.grenet.fr-5eee04df" start="1643028378279" dump="1643028378555"/><sessioninfo id="wificampus-118206.grenet.fr-d95f0f22" start="1643028378763" dump="1643028379140"/><sessioninfo id="wificampus-118206.grenet.fr-7592de0e" start="1643028379312" dump="1643028379702"/><sessioninfo id="wificampus-118206.grenet.fr-70ec638b" start="1643028379894" dump="1643028380124"/><sessioninfo id="wificampus-118206.grenet.fr-73b0b85b" start="1643028380273" dump="1643028380489"/><sessioninfo id="wificampus-118206.grenet.fr-3878d950" start="1643028380605" dump="1643028380908"/><sessioninfo id="wificampus-118206.grenet.fr-da506c99" start="1643028381028" dump="1643028381258"/><sessioninfo id="wificampus-118206.grenet.fr-723c1d84" start="1643028381394" dump="1643028381678"/><sessioninfo id="wificampus-118206.grenet.fr-5e15a3c8" start="1643028381805" dump="1643028382039"/><sessioninfo id="wificampus-118206.grenet.fr-4905a6a3" start="1643028382173" dump="1643028382490"/><sessioninfo id="wificampus-118206.grenet.fr-27cc45d9" start="1643028382617" dump="1643028382847"/><sessioninfo id="wificampus-118206.grenet.fr-59baba26" start="1643028382966" dump="1643028383171"/><sessioninfo id="wificampus-118206.grenet.fr-3a130dd1" start="1643028383308" dump="1643028383535"/><sessioninfo id="wificampus-118206.grenet.fr-92371ced" start="1643028383661" dump="1643028383900"/><sessioninfo id="wificampus-118206.grenet.fr-4ece64f8" start="1643028384027" dump="1643028384261"/><sessioninfo id="wificampus-118206.grenet.fr-2168d916" start="1643028384389" dump="1643028384622"/><sessioninfo id="wificampus-118206.grenet.fr-ea2e058" start="1643028384792" dump="1643028385066"/><sessioninfo id="wificampus-118206.grenet.fr-9f1cddff" start="1643028385202" dump="1643028385553"/><sessioninfo id="wificampus-118206.grenet.fr-ee06ccc0" start="1643028385732" dump="1643028386067"/><sessioninfo id="wificampus-118206.grenet.fr-b15f7437" start="1643028386233" dump="1643028386691"/><sessioninfo id="wificampus-118206.grenet.fr-3ef73f41" start="1643028386847" dump="1643028387093"/><sessioninfo id="wificampus-118206.grenet.fr-13e03206" start="1643028387234" dump="1643028387554"/><sessioninfo id="wificampus-118206.grenet.fr-54412ca7" start="1643028387692" dump="1643028388007"/><sessioninfo id="wificampus-118206.grenet.fr-d70fe6fc" start="1643028388140" dump="1643028388480"/><sessioninfo id="wificampus-118206.grenet.fr-579ddb4e" start="1643028388675" dump="1643028388947"/><sessioninfo id="wificampus-118206.grenet.fr-c88a01c8" start="1643028389118" dump="1643028389328"/><sessioninfo id="wificampus-118206.grenet.fr-2e01b5c5" start="1643028389464" dump="1643028389665"/><sessioninfo id="wificampus-118206.grenet.fr-9ad07348" start="1643028389789" dump="1643028390012"/><sessioninfo id="wificampus-118206.grenet.fr-ba129393" start="1643028390144" dump="1643028390396"/><sessioninfo id="wificampus-118206.grenet.fr-d65e610a" start="1643028390531" dump="1643028390741"/><sessioninfo id="wificampus-118206.grenet.fr-11e8792d" start="1643028390858" dump="1643028391045"/><sessioninfo id="wificampus-118206.grenet.fr-17affc9" start="1643028391178" dump="1643028391391"/><sessioninfo id="wificampus-118206.grenet.fr-bc137452" start="1643028391512" dump="1643028391729"/><sessioninfo id="wificampus-118206.grenet.fr-8dfbbf2b" start="1643028391851" dump="1643028392082"/><sessioninfo id="wificampus-118206.grenet.fr-9e72f5d0" start="1643028392220" dump="1643028392434"/><sessioninfo id="wificampus-118206.grenet.fr-55ea86c3" start="1643028392558" dump="1643028392769"/><sessioninfo id="wificampus-118206.grenet.fr-b4ff045a" start="1643028392890" dump="1643028393102"/><sessioninfo id="wificampus-118206.grenet.fr-327b8678" start="1643028393228" dump="1643028393437"/><sessioninfo id="wificampus-118206.grenet.fr-3f2f6f39" start="1643028393559" dump="1643028393767"/><sessioninfo id="wificampus-118206.grenet.fr-4dbdda78" start="1643028393887" dump="1643028394098"/><sessioninfo id="wificampus-118206.grenet.fr-26316d81" start="1643028394224" dump="1643028394434"/><sessioninfo id="wificampus-118206.grenet.fr-975c7694" start="1643028394554" dump="1643028394762"/><sessioninfo id="wificampus-118206.grenet.fr-af321dd" start="1643028394887" dump="1643028395071"/><sessioninfo id="wificampus-118206.grenet.fr-e6b277fe" start="1643028395204" dump="1643028395414"/><sessioninfo id="wificampus-118206.grenet.fr-2b64af13" start="1643028395541" dump="1643028395797"/><sessioninfo id="wificampus-118206.grenet.fr-768e5a9a" start="1643028395930" dump="1643028396187"/><sessioninfo id="wificampus-118206.grenet.fr-4751eb09" start="1643028396324" dump="1643028396581"/><sessioninfo id="wificampus-118206.grenet.fr-22e1cb41" start="1643028396714" dump="1643028396896"/><sessioninfo id="wificampus-118206.grenet.fr-cdea2fdf" start="1643029579314" dump="1643029579539"/><sessioninfo id="wificampus-118206.grenet.fr-bc67a9e8" start="1643029617203" dump="1643029617460"/><sessioninfo id="wificampus-118206.grenet.fr-950abddf" start="1643029839714" dump="1643029840082"/><sessioninfo id="wificampus-118206.grenet.fr-828a2f7b" start="1643030212776" dump="1643030213668"/><sessioninfo id="wificampus-118206.grenet.fr-8dc4df64" start="1643030214177" dump="1643030214288"/><sessioninfo id="wificampus-118206.grenet.fr-ba8abb86" start="1643030214489" dump="1643030214539"/><sessioninfo id="wificampus-118206.grenet.fr-766a2737" start="1643030214811" dump="1643030214947"/><sessioninfo id="wificampus-118206.grenet.fr-c1467fab" start="1643030215156" dump="1643030215262"/><sessioninfo id="wificampus-118206.grenet.fr-41c76550" start="1643030215448" dump="1643030215582"/><sessioninfo id="wificampus-118206.grenet.fr-baf4752a" start="1643030215782" dump="1643030215908"/><sessioninfo id="wificampus-118206.grenet.fr-92f1624f" start="1643030216095" dump="1643030216165"/><sessioninfo id="wificampus-118206.grenet.fr-9b62fab6" start="1643030216373" dump="1643030216445"/><sessioninfo id="wificampus-118206.grenet.fr-436a488f" start="1643030216633" dump="1643030216714"/><sessioninfo id="wificampus-118206.grenet.fr-623e8328" start="1643030216898" dump="1643030217028"/><sessioninfo id="wificampus-118206.grenet.fr-c1e0c2cf" start="1643030217214" dump="1643030217286"/><sessioninfo id="wificampus-118206.grenet.fr-3e1707a5" start="1643030217488" dump="1643030217555"/><sessioninfo id="wificampus-118206.grenet.fr-ba20847b" start="1643030217741" dump="1643030217817"/><sessioninfo id="wificampus-118206.grenet.fr-a3d6ea2" start="1643030218003" dump="1643030218081"/><sessioninfo id="wificampus-118206.grenet.fr-fd6a1648" start="1643030218271" dump="1643030218351"/><sessioninfo id="wificampus-118206.grenet.fr-3abb3244" start="1643030218539" dump="1643030218613"/><sessioninfo id="wificampus-118206.grenet.fr-c85af71d" start="1643030218817" dump="1643030218889"/><sessioninfo id="wificampus-118206.grenet.fr-1fc2a045" start="1643030219088" dump="1643030219159"/><sessioninfo id="wificampus-118206.grenet.fr-d81da1de" start="1643030219348" dump="1643030219418"/><sessioninfo id="wificampus-118206.grenet.fr-a65f8ef0" start="1643030219606" dump="1643030219675"/><sessioninfo id="wificampus-118206.grenet.fr-6978e70b" start="1643030219864" dump="1643030219935"/><sessioninfo id="wificampus-118206.grenet.fr-f06547dc" start="1643030220135" dump="1643030220208"/><sessioninfo id="wificampus-118206.grenet.fr-a7ad4fc9" start="1643030220392" dump="1643030220468"/><sessioninfo id="wificampus-118206.grenet.fr-80866934" start="1643030220667" dump="1643030220736"/><sessioninfo id="wificampus-118206.grenet.fr-2c5639ed" start="1643030220920" dump="1643030220997"/><sessioninfo id="wificampus-118206.grenet.fr-b3a485fe" start="1643030221193" dump="1643030221321"/><sessioninfo id="wificampus-118206.grenet.fr-c290fd8c" start="1643030221530" dump="1643030221659"/><sessioninfo id="wificampus-118206.grenet.fr-e70b2c9d" start="1643030221860" dump="1643030221987"/><sessioninfo id="wificampus-118206.grenet.fr-334d45ba" start="1643030222188" dump="1643030222255"/><sessioninfo id="wificampus-118206.grenet.fr-cbc8ad37" start="1643030222441" dump="1643030222522"/><sessioninfo id="wificampus-118206.grenet.fr-30030e4a" start="1643030222723" dump="1643030222802"/><sessioninfo id="wificampus-118206.grenet.fr-6609264e" start="1643030222990" dump="1643030223062"/><sessioninfo id="wificampus-118206.grenet.fr-ef3b5158" start="1643030223248" dump="1643030223321"/><sessioninfo id="wificampus-118206.grenet.fr-403bfd2f" start="1643030223524" dump="1643030223592"/><sessioninfo id="wificampus-118206.grenet.fr-7809f793" start="1643030223781" dump="1643030223863"/><sessioninfo id="wificampus-118206.grenet.fr-3a512946" start="1643030224054" dump="1643030224124"/><sessioninfo id="wificampus-118206.grenet.fr-4164dc81" start="1643030224328" dump="1643030224402"/><sessioninfo id="wificampus-118206.grenet.fr-86e95bef" start="1643030224603" dump="1643030224676"/><sessioninfo id="wificampus-118206.grenet.fr-55865885" start="1643030224903" dump="1643030224976"/><sessioninfo id="wificampus-118206.grenet.fr-b6dcb765" start="1643030225179" dump="1643030225257"/><sessioninfo id="wificampus-118206.grenet.fr-8b155a87" start="1643030225446" dump="1643030225525"/><sessioninfo id="wificampus-118206.grenet.fr-450de3a7" start="1643030225713" dump="1643030225780"/><sessioninfo id="wificampus-118206.grenet.fr-ce313fb6" start="1643030225981" dump="1643030226052"/><sessioninfo id="wificampus-118206.grenet.fr-f840e780" start="1643030226244" dump="1643030226319"/><sessioninfo id="wificampus-118206.grenet.fr-2f164b99" start="1643030226520" dump="1643030226594"/><sessioninfo id="wificampus-118206.grenet.fr-36e42add" start="1643030226791" dump="1643030226864"/><sessioninfo id="wificampus-118206.grenet.fr-7e39dd6c" start="1643030227053" dump="1643030227126"/><sessioninfo id="wificampus-118206.grenet.fr-62095835" start="1643030227314" dump="1643030227388"/><sessioninfo id="wificampus-118206.grenet.fr-a26c4d89" start="1643030227576" dump="1643030227702"/><sessioninfo id="wificampus-118206.grenet.fr-eb30a9a" start="1643030227900" dump="1643030227970"/><sessioninfo id="wificampus-118206.grenet.fr-7488f895" start="1643030228159" dump="1643030228227"/><sessioninfo id="wificampus-118206.grenet.fr-3afb0f59" start="1643030228416" dump="1643030228499"/><sessioninfo id="wificampus-118206.grenet.fr-d25b8f25" start="1643030228688" dump="1643030228759"/><sessioninfo id="wificampus-118206.grenet.fr-129dbde2" start="1643030228946" dump="1643030229015"/><sessioninfo id="wificampus-118206.grenet.fr-10e7f946" start="1643030229203" dump="1643030229273"/><sessioninfo id="wificampus-118206.grenet.fr-6774a2ad" start="1643030229465" dump="1643030229533"/><sessioninfo id="wificampus-118206.grenet.fr-c14d9f8f" start="1643030229721" dump="1643030229791"/><sessioninfo id="wificampus-118206.grenet.fr-a79a9f65" start="1643030230034" dump="1643030230130"/><sessioninfo id="wificampus-118206.grenet.fr-29c93d84" start="1643030230325" dump="1643030230396"/><sessioninfo id="wificampus-118206.grenet.fr-3df41be" start="1643030230583" dump="1643030230651"/><sessioninfo id="wificampus-118206.grenet.fr-ff93fd39" start="1643030230844" dump="1643030230914"/><sessioninfo id="wificampus-118206.grenet.fr-1bf3c9d7" start="1643030231124" dump="1643030231195"/><sessioninfo id="wificampus-118206.grenet.fr-aba34d1" start="1643030231399" dump="1643030231471"/><sessioninfo id="wificampus-118206.grenet.fr-18cb30d4" start="1643030231670" dump="1643030231741"/><sessioninfo id="wificampus-118206.grenet.fr-7bffbfd0" start="1643030231935" dump="1643030232007"/><sessioninfo id="wificampus-118206.grenet.fr-be8f6135" start="1643030232328" dump="1643030232527"/><sessioninfo id="wificampus-118206.grenet.fr-de160446" start="1643030232657" dump="1643030232852"/><sessioninfo id="wificampus-118206.grenet.fr-31d88e58" start="1643030232983" dump="1643030233181"/><sessioninfo id="wificampus-118206.grenet.fr-b26d15e0" start="1643030233333" dump="1643030233532"/><sessioninfo id="wificampus-118206.grenet.fr-3e13a6e7" start="1643030233660" dump="1643030233837"/><sessioninfo id="wificampus-118206.grenet.fr-67f4825c" start="1643030233966" dump="1643030234143"/><sessioninfo id="wificampus-118206.grenet.fr-4fe3a7f" start="1643030234271" dump="1643030234447"/><sessioninfo id="wificampus-118206.grenet.fr-7b8c5f01" start="1643030234580" dump="1643030234781"/><sessioninfo id="wificampus-118206.grenet.fr-570896ad" start="1643030234914" dump="1643030235125"/><sessioninfo id="wificampus-118206.grenet.fr-b98fb3b8" start="1643030235258" dump="1643030235467"/><sessioninfo id="wificampus-118206.grenet.fr-fa3b4660" start="1643030235610" dump="1643030235796"/><sessioninfo id="wificampus-118206.grenet.fr-878c9e36" start="1643030235925" dump="1643030236103"/><sessioninfo id="wificampus-118206.grenet.fr-63b1cbe3" start="1643030236235" dump="1643030236412"/><sessioninfo id="wificampus-118206.grenet.fr-2fc78f91" start="1643030236542" dump="1643030236719"/><sessioninfo id="wificampus-118206.grenet.fr-5f9ce15c" start="1643030236853" dump="1643030237027"/><sessioninfo id="wificampus-118206.grenet.fr-f6b90126" start="1643030237167" dump="1643030237345"/><sessioninfo id="wificampus-118206.grenet.fr-e6521b20" start="1643030237482" dump="1643030237661"/><sessioninfo id="wificampus-118206.grenet.fr-4732dbd9" start="1643030237790" dump="1643030237977"/><sessioninfo id="wificampus-118206.grenet.fr-fe713299" start="1643030238105" dump="1643030238285"/><sessioninfo id="wificampus-118206.grenet.fr-c97b840" start="1643030238438" dump="1643030238612"/><sessioninfo id="wificampus-118206.grenet.fr-85b13648" start="1643030238752" dump="1643030238945"/><sessioninfo id="wificampus-118206.grenet.fr-f64e49ed" start="1643030239075" dump="1643030239266"/><sessioninfo id="wificampus-118206.grenet.fr-c2a840d7" start="1643030239396" dump="1643030239571"/><sessioninfo id="wificampus-118206.grenet.fr-265064cd" start="1643030239700" dump="1643030239906"/><sessioninfo id="wificampus-118206.grenet.fr-800f35e0" start="1643030240046" dump="1643030240253"/><sessioninfo id="wificampus-118206.grenet.fr-5dc49dbc" start="1643030240397" dump="1643030240640"/><sessioninfo id="wificampus-118206.grenet.fr-db808df1" start="1643030240777" dump="1643030241008"/><sessioninfo id="wificampus-118206.grenet.fr-78410e58" start="1643030241141" dump="1643030241352"/><sessioninfo id="wificampus-118206.grenet.fr-9c9900ec" start="1643030241499" dump="1643030241688"/><sessioninfo id="wificampus-118206.grenet.fr-2d5e6c98" start="1643030242014" dump="1643030242231"/><sessioninfo id="wificampus-118206.grenet.fr-61a9784c" start="1643030242366" dump="1643030242562"/><sessioninfo id="wificampus-118206.grenet.fr-2006ed02" start="1643030242692" dump="1643030242931"/><sessioninfo id="wificampus-118206.grenet.fr-d31df7e5" start="1643030243063" dump="1643030243247"/><sessioninfo id="wificampus-118206.grenet.fr-d63de1bf" start="1643030243379" dump="1643030243576"/><sessioninfo id="wificampus-118206.grenet.fr-67aaec5e" start="1643030243706" dump="1643030243947"/><sessioninfo id="wificampus-118206.grenet.fr-10a6019c" start="1643030244085" dump="1643030244385"/><sessioninfo id="wificampus-118206.grenet.fr-780c56a4" start="1643030244520" dump="1643030244701"/><sessioninfo id="wificampus-118206.grenet.fr-78e9d5f6" start="1643030244855" dump="1643030245202"/><sessioninfo id="wificampus-118206.grenet.fr-4ba27aac" start="1643030245343" dump="1643030245547"/><sessioninfo id="wificampus-118206.grenet.fr-c5c02926" start="1643030245676" dump="1643030245898"/><sessioninfo id="wificampus-118206.grenet.fr-4d7f8535" start="1643030246067" dump="1643030246507"/><sessioninfo id="wificampus-118206.grenet.fr-4c06637e" start="1643030246731" dump="1643030246925"/><sessioninfo id="wificampus-118206.grenet.fr-72dfa225" start="1643030247061" dump="1643030247261"/><sessioninfo id="wificampus-118206.grenet.fr-44a71f49" start="1643030247400" dump="1643030247632"/><sessioninfo id="wificampus-118206.grenet.fr-1c9e85b7" start="1643030247772" dump="1643030247983"/><sessioninfo id="wificampus-118206.grenet.fr-89c54c00" start="1643030248119" dump="1643030248311"/><sessioninfo id="wificampus-118206.grenet.fr-f1db7417" start="1643030248455" dump="1643030248662"/><sessioninfo id="wificampus-118206.grenet.fr-7c17750a" start="1643030248803" dump="1643030249001"/><sessioninfo id="wificampus-118206.grenet.fr-10ab3801" start="1643030249133" dump="1643030249329"/><sessioninfo id="wificampus-118206.grenet.fr-c7976108" start="1643030249465" dump="1643030249657"/><sessioninfo id="wificampus-118206.grenet.fr-b834454b" start="1643030249786" dump="1643030249998"/><sessioninfo id="wificampus-118206.grenet.fr-a0c653dd" start="1643030250130" dump="1643030250331"/><sessioninfo id="wificampus-118206.grenet.fr-6c551711" start="1643030250839" dump="1643030251023"/><sessioninfo id="wificampus-118206.grenet.fr-54e49361" start="1643030251220" dump="1643030251360"/><sessioninfo id="wificampus-118206.grenet.fr-2dafdf44" start="1643030251553" dump="1643030251698"/><sessioninfo id="wificampus-118206.grenet.fr-57759d0b" start="1643030252011" dump="1643030252195"/><sessioninfo id="wificampus-118206.grenet.fr-a8ccaf25" start="1643030252431" dump="1643030252605"/><sessioninfo id="wificampus-118206.grenet.fr-20a53248" start="1643030252808" dump="1643030252934"/><sessioninfo id="wificampus-118206.grenet.fr-78abf762" start="1643030253132" dump="1643030253261"/><sessioninfo id="wificampus-118206.grenet.fr-62d99bf1" start="1643030253457" dump="1643030253579"/><sessioninfo id="wificampus-118206.grenet.fr-da32422c" start="1643030253772" dump="1643030253897"/><sessioninfo id="wificampus-118206.grenet.fr-73f5f83" start="1643030254095" dump="1643030254222"/><sessioninfo id="wificampus-118206.grenet.fr-2b945311" start="1643030254413" dump="1643030254548"/><sessioninfo id="wificampus-118206.grenet.fr-7dc9159a" start="1643030254748" dump="1643030254876"/><sessioninfo id="wificampus-118206.grenet.fr-878dda00" start="1643030255071" dump="1643030255206"/><sessioninfo id="wificampus-118206.grenet.fr-a61abe01" start="1643030255401" dump="1643030255546"/><sessioninfo id="wificampus-118206.grenet.fr-b7ae2402" start="1643030255740" dump="1643030255882"/><sessioninfo id="wificampus-118206.grenet.fr-fc89df4d" start="1643030256072" dump="1643030256213"/><sessioninfo id="wificampus-118206.grenet.fr-a7620f99" start="1643030256415" dump="1643030256556"/><sessioninfo id="wificampus-118206.grenet.fr-8644ef2c" start="1643030256773" dump="1643030256951"/><sessioninfo id="wificampus-118206.grenet.fr-7cf4c705" start="1643030257175" dump="1643030257326"/><sessioninfo id="wificampus-118206.grenet.fr-bf9b63a8" start="1643030257521" dump="1643030257674"/><sessioninfo id="wificampus-118206.grenet.fr-f47f37ea" start="1643030257877" dump="1643030258041"/><sessioninfo id="wificampus-118206.grenet.fr-62a1996e" start="1643030258243" dump="1643030258401"/><sessioninfo id="wificampus-118206.grenet.fr-7f8d9d95" start="1643030258595" dump="1643030258713"/><sessioninfo id="wificampus-118206.grenet.fr-183f41a2" start="1643030258906" dump="1643030259026"/><sessioninfo id="wificampus-118206.grenet.fr-a339ab5" start="1643030259247" dump="1643030259373"/><sessioninfo id="wificampus-118206.grenet.fr-97081dbd" start="1643030259568" dump="1643030259688"/><sessioninfo id="wificampus-118206.grenet.fr-b4017f21" start="1643030259889" dump="1643030260028"/><sessioninfo id="wificampus-118206.grenet.fr-ae62e150" start="1643030260230" dump="1643030260361"/><sessioninfo id="wificampus-118206.grenet.fr-13651ce0" start="1643030260561" dump="1643030260702"/><sessioninfo id="wificampus-118206.grenet.fr-526db8db" start="1643030260904" dump="1643030261041"/><sessioninfo id="wificampus-118206.grenet.fr-9ff48fab" start="1643030261237" dump="1643030261369"/><sessioninfo id="wificampus-118206.grenet.fr-d0b800d4" start="1643030261564" dump="1643030261696"/><sessioninfo id="wificampus-118206.grenet.fr-77094dad" start="1643030261893" dump="1643030262031"/><sessioninfo id="wificampus-118206.grenet.fr-58c19578" start="1643030262234" dump="1643030262372"/><sessioninfo id="wificampus-118206.grenet.fr-f53b34f4" start="1643030262568" dump="1643030262701"/><sessioninfo id="wificampus-118206.grenet.fr-ac0432c" start="1643030262898" dump="1643030263040"/><sessioninfo id="wificampus-118206.grenet.fr-14b2f73d" start="1643030263239" dump="1643030263369"/><sessioninfo id="wificampus-118206.grenet.fr-577730dc" start="1643030263570" dump="1643030263715"/><sessioninfo id="wificampus-118206.grenet.fr-15a7f98e" start="1643030263917" dump="1643030264056"/><sessioninfo id="wificampus-118206.grenet.fr-f8ae88c1" start="1643030264254" dump="1643030264401"/><sessioninfo id="wificampus-118206.grenet.fr-a63f9b09" start="1643030264599" dump="1643030264746"/><sessioninfo id="wificampus-118206.grenet.fr-6191a0a9" start="1643030264943" dump="1643030265082"/><sessioninfo id="wificampus-118206.grenet.fr-638f4723" start="1643030265280" dump="1643030265417"/><sessioninfo id="wificampus-118206.grenet.fr-c14cb796" start="1643030265614" dump="1643030265758"/><sessioninfo id="wificampus-118206.grenet.fr-4757cf27" start="1643030265960" dump="1643030266104"/><sessioninfo id="wificampus-118206.grenet.fr-6be48b48" start="1643030266307" dump="1643030266451"/><sessioninfo id="wificampus-118206.grenet.fr-487c0b1" start="1643030266651" dump="1643030266793"/><sessioninfo id="wificampus-118206.grenet.fr-f63904dd" start="1643030267000" dump="1643030267142"/><sessioninfo id="wificampus-118206.grenet.fr-36438f73" start="1643030267343" dump="1643030267485"/><sessioninfo id="wificampus-118206.grenet.fr-90c80ff9" start="1643030267679" dump="1643030267827"/><sessioninfo id="wificampus-118206.grenet.fr-82fc3f21" start="1643030268034" dump="1643030268181"/><sessioninfo id="wificampus-118206.grenet.fr-6940c87e" start="1643030268390" dump="1643030268532"/><sessioninfo id="wificampus-118206.grenet.fr-5e9fe299" start="1643030268734" dump="1643030268875"/><sessioninfo id="wificampus-118206.grenet.fr-754cd315" start="1643030269078" dump="1643030269210"/><sessioninfo id="wificampus-118206.grenet.fr-bd2f2e37" start="1643030269409" dump="1643030269545"/><sessioninfo id="wificampus-118206.grenet.fr-94ed3424" start="1643030269742" dump="1643030269881"/><sessioninfo id="wificampus-118206.grenet.fr-b40170bf" start="1643030270082" dump="1643030270224"/><sessioninfo id="wificampus-118206.grenet.fr-a66b7a98" start="1643030270426" dump="1643030270565"/><sessioninfo id="wificampus-118206.grenet.fr-6ea57082" start="1643030270776" dump="1643030270917"/><sessioninfo id="wificampus-118206.grenet.fr-5b7b3336" start="1643030271120" dump="1643030271258"/><sessioninfo id="wificampus-118206.grenet.fr-f6ad2569" start="1643030271458" dump="1643030271593"/><sessioninfo id="wificampus-118206.grenet.fr-9f940adf" start="1643030271820" dump="1643030271982"/><sessioninfo id="wificampus-118206.grenet.fr-8a5b9f77" start="1643030272186" dump="1643030272329"/><sessioninfo id="wificampus-118206.grenet.fr-b0c24ce" start="1643030272525" dump="1643030272675"/><sessioninfo id="wificampus-118206.grenet.fr-36df85f4" start="1643030272910" dump="1643030273069"/><sessioninfo id="wificampus-118206.grenet.fr-4b07bd7" start="1643030273298" dump="1643030273464"/><sessioninfo id="wificampus-118206.grenet.fr-3a21fe9f" start="1643030273686" dump="1643030273983"/><sessioninfo id="wificampus-118206.grenet.fr-37ef4a23" start="1643030274229" dump="1643030274416"/><sessioninfo id="wificampus-118206.grenet.fr-9ae77f5c" start="1643030274625" dump="1643030274790"/><sessioninfo id="wificampus-118206.grenet.fr-693a81d0" start="1643030274987" dump="1643030275130"/><sessioninfo id="wificampus-118206.grenet.fr-bb5951f9" start="1643030275323" dump="1643030275465"/><sessioninfo id="wificampus-118206.grenet.fr-c64cc550" start="1643030275658" dump="1643030275803"/><sessioninfo id="wificampus-118206.grenet.fr-19f9dc0d" start="1643030275999" dump="1643030276138"/><sessioninfo id="wificampus-118206.grenet.fr-cd6adb00" start="1643030276336" dump="1643030276478"/><sessioninfo id="wificampus-118206.grenet.fr-9bd90ccd" start="1643030276672" dump="1643030276808"/><sessioninfo id="wificampus-118206.grenet.fr-f2c85586" start="1643030277002" dump="1643030277140"/><sessioninfo id="wificampus-118206.grenet.fr-3a0a5089" start="1643030277336" dump="1643030277474"/><sessioninfo id="wificampus-118206.grenet.fr-1dca9e3c" start="1643030277671" dump="1643030277807"/><sessioninfo id="wificampus-118206.grenet.fr-1b26445d" start="1643030278005" dump="1643030278141"/><sessioninfo id="wificampus-118206.grenet.fr-88abbee1" start="1643030278338" dump="1643030278474"/><sessioninfo id="wificampus-118206.grenet.fr-771c4514" start="1643030278667" dump="1643030278808"/><sessioninfo id="wificampus-118206.grenet.fr-612920f4" start="1643030279000" dump="1643030279138"/><sessioninfo id="wificampus-118206.grenet.fr-e66827ea" start="1643030279332" dump="1643030279470"/><sessioninfo id="wificampus-118206.grenet.fr-b47d9a58" start="1643030279663" dump="1643030279801"/><sessioninfo id="wificampus-118206.grenet.fr-530e8b13" start="1643030279996" dump="1643030280137"/><sessioninfo id="wificampus-118206.grenet.fr-967ee994" start="1643030280331" dump="1643030280468"/><sessioninfo id="wificampus-118206.grenet.fr-f0bd6688" start="1643030280661" dump="1643030280799"/><sessioninfo id="wificampus-118206.grenet.fr-26e5d117" start="1643030280992" dump="1643030281132"/><sessioninfo id="wificampus-118206.grenet.fr-73c697b4" start="1643030281327" dump="1643030281469"/><sessioninfo id="wificampus-118206.grenet.fr-8dcbc096" start="1643030281666" dump="1643030281802"/><sessioninfo id="wificampus-118206.grenet.fr-bb709fae" start="1643030281997" dump="1643030282131"/><sessioninfo id="wificampus-118206.grenet.fr-7acbdb91" start="1643030282322" dump="1643030282461"/><sessioninfo id="wificampus-118206.grenet.fr-ba60a3ce" start="1643030282655" dump="1643030282790"/><sessioninfo id="wificampus-118206.grenet.fr-22e2405d" start="1643030282983" dump="1643030283134"/><sessioninfo id="wificampus-118206.grenet.fr-3e12439f" start="1643030283342" dump="1643030283526"/><sessioninfo id="wificampus-118206.grenet.fr-a7b6027e" start="1643030283749" dump="1643030283910"/><sessioninfo id="wificampus-118206.grenet.fr-289470f7" start="1643030284132" dump="1643030284297"/><sessioninfo id="wificampus-118206.grenet.fr-9508ca78" start="1643030284514" dump="1643030284684"/><sessioninfo id="wificampus-118206.grenet.fr-ef30cec2" start="1643030284906" dump="1643030285088"/><sessioninfo id="wificampus-118206.grenet.fr-3619646e" start="1643030285320" dump="1643030285467"/><sessioninfo id="wificampus-118206.grenet.fr-83f56cdf" start="1643030285664" dump="1643030285802"/><sessioninfo id="wificampus-118206.grenet.fr-77d76d05" start="1643030286002" dump="1643030286143"/><sessioninfo id="wificampus-118206.grenet.fr-e21f687a" start="1643030286334" dump="1643030286473"/><sessioninfo id="wificampus-118206.grenet.fr-71c436b8" start="1643030286671" dump="1643030286806"/><sessioninfo id="wificampus-118206.grenet.fr-d015d090" start="1643030287000" dump="1643030287138"/><sessioninfo id="wificampus-118206.grenet.fr-d0dd8093" start="1643030287341" dump="1643030287476"/><sessioninfo id="wificampus-118206.grenet.fr-e1dcce5e" start="1643030287678" dump="1643030287831"/><sessioninfo id="wificampus-118206.grenet.fr-51e21b87" start="1643030288030" dump="1643030288170"/><sessioninfo id="wificampus-118206.grenet.fr-cb7e978" start="1643030288363" dump="1643030288508"/><sessioninfo id="wificampus-118206.grenet.fr-ddfaba52" start="1643030288701" dump="1643030288854"/><sessioninfo id="wificampus-118206.grenet.fr-dff2a45d" start="1643030289054" dump="1643030289201"/><sessioninfo id="wificampus-118206.grenet.fr-582b4f1f" start="1643030289400" dump="1643030289553"/><sessioninfo id="wificampus-118206.grenet.fr-5ac898e5" start="1643030289757" dump="1643030289905"/><sessioninfo id="wificampus-118206.grenet.fr-1034c408" start="1643030290101" dump="1643030290237"/><sessioninfo id="wificampus-118206.grenet.fr-8c446218" start="1643030290434" dump="1643030290574"/><sessioninfo id="wificampus-118206.grenet.fr-bacaea31" start="1643030290777" dump="1643030290913"/><sessioninfo id="wificampus-118206.grenet.fr-88fc034a" start="1643030291111" dump="1643030291249"/><sessioninfo id="wificampus-118206.grenet.fr-b6f9ae9b" start="1643030291446" dump="1643030291586"/><sessioninfo id="wificampus-118206.grenet.fr-3a06507f" start="1643030291779" dump="1643030291916"/><sessioninfo id="wificampus-118206.grenet.fr-421d54cb" start="1643030292113" dump="1643030292249"/><sessioninfo id="wificampus-118206.grenet.fr-c3dbaaa4" start="1643030292441" dump="1643030292582"/><sessioninfo id="wificampus-118206.grenet.fr-4db12a19" start="1643030292780" dump="1643030292931"/><sessioninfo id="wificampus-118206.grenet.fr-800c84f1" start="1643030293128" dump="1643030293278"/><sessioninfo id="wificampus-118206.grenet.fr-eeb4ad20" start="1643030293474" dump="1643030293623"/><sessioninfo id="wificampus-118206.grenet.fr-369d9b0" start="1643030293820" dump="1643030293962"/><sessioninfo id="wificampus-118206.grenet.fr-d544dfd6" start="1643030294159" dump="1643030294307"/><sessioninfo id="wificampus-118206.grenet.fr-62428a3d" start="1643030294507" dump="1643030294651"/><sessioninfo id="wificampus-118206.grenet.fr-46f09465" start="1643030294845" dump="1643030294984"/><sessioninfo id="wificampus-118206.grenet.fr-73a23ba5" start="1643030295177" dump="1643030295317"/><sessioninfo id="wificampus-118206.grenet.fr-f0451278" start="1643030295513" dump="1643030295651"/><sessioninfo id="wificampus-118206.grenet.fr-dd92023f" start="1643030295845" dump="1643030295992"/><sessioninfo id="wificampus-118206.grenet.fr-acabc7cc" start="1643030296194" dump="1643030296346"/><sessioninfo id="wificampus-118206.grenet.fr-14c10d0" start="1643030296536" dump="1643030296689"/><sessioninfo id="wificampus-118206.grenet.fr-24d5bb45" start="1643030296885" dump="1643030297024"/><sessioninfo id="wificampus-118206.grenet.fr-fa0cc926" start="1643030297217" dump="1643030297347"/><sessioninfo id="wificampus-118206.grenet.fr-c6689f92" start="1643030297541" dump="1643030297676"/><sessioninfo id="wificampus-118206.grenet.fr-b1d648a1" start="1643030297872" dump="1643030298008"/><sessioninfo id="wificampus-118206.grenet.fr-e777cb8" start="1643030298200" dump="1643030298338"/><sessioninfo id="wificampus-118206.grenet.fr-8e00d882" start="1643030298544" dump="1643030298679"/><sessioninfo id="wificampus-118206.grenet.fr-9e31e36b" start="1643030298871" dump="1643030299010"/><sessioninfo id="wificampus-118206.grenet.fr-1032cfc8" start="1643030299202" dump="1643030299338"/><sessioninfo id="wificampus-118206.grenet.fr-3ec04d13" start="1643030299537" dump="1643030299672"/><sessioninfo id="wificampus-118206.grenet.fr-c6b70156" start="1643030299865" dump="1643030300004"/><sessioninfo id="wificampus-118206.grenet.fr-3e0aff4b" start="1643030300200" dump="1643030300339"/><sessioninfo id="wificampus-118206.grenet.fr-97284a6f" start="1643030300533" dump="1643030300671"/><sessioninfo id="wificampus-118206.grenet.fr-d900ebed" start="1643030300864" dump="1643030301002"/><sessioninfo id="wificampus-118206.grenet.fr-9585713f" start="1643030301195" dump="1643030301331"/><sessioninfo id="wificampus-118206.grenet.fr-1831131b" start="1643030301524" dump="1643030301663"/><sessioninfo id="wificampus-118206.grenet.fr-2802e73e" start="1643030301876" dump="1643030302014"/><sessioninfo id="wificampus-118206.grenet.fr-c85bc527" start="1643030302210" dump="1643030302348"/><sessioninfo id="wificampus-118206.grenet.fr-d915d80a" start="1643030302540" dump="1643030302677"/><sessioninfo id="wificampus-118206.grenet.fr-c5262fc7" start="1643030302869" dump="1643030303005"/><sessioninfo id="wificampus-118206.grenet.fr-a1c5a67f" start="1643030303197" dump="1643030303334"/><sessioninfo id="wificampus-118206.grenet.fr-2c3eba96" start="1643030303528" dump="1643030303668"/><sessioninfo id="wificampus-118206.grenet.fr-1a516f13" start="1643030303860" dump="1643030304004"/><sessioninfo id="wificampus-118206.grenet.fr-4fdd8700" start="1643030304206" dump="1643030304348"/><sessioninfo id="wificampus-118206.grenet.fr-b8359ec4" start="1643030304544" dump="1643030304682"/><sessioninfo id="wificampus-118206.grenet.fr-68c92b10" start="1643030304876" dump="1643030305015"/><sessioninfo id="wificampus-118206.grenet.fr-9a4a205f" start="1643030305215" dump="1643030305351"/><sessioninfo id="wificampus-118206.grenet.fr-14586149" start="1643030305542" dump="1643030305682"/><sessioninfo id="wificampus-118206.grenet.fr-9a729cd0" start="1643030305877" dump="1643030306017"/><sessioninfo id="wificampus-118206.grenet.fr-eafb416c" start="1643030306213" dump="1643030306355"/><sessioninfo id="wificampus-118206.grenet.fr-f417d6ad" start="1643030306547" dump="1643030306682"/><sessioninfo id="wificampus-118206.grenet.fr-4a3aa9c5" start="1643030306882" dump="1643030307018"/><sessioninfo id="wificampus-118206.grenet.fr-8ad24589" start="1643030307220" dump="1643030307369"/><sessioninfo id="wificampus-118206.grenet.fr-93d0f8b0" start="1643030307566" dump="1643030307703"/><sessioninfo id="wificampus-118206.grenet.fr-a15a3c6d" start="1643030307902" dump="1643030308042"/><sessioninfo id="wificampus-118206.grenet.fr-274e00d5" start="1643030308235" dump="1643030308377"/><sessioninfo id="wificampus-118206.grenet.fr-25d09b11" start="1643030308572" dump="1643030308711"/><sessioninfo id="wificampus-118206.grenet.fr-9717c6e4" start="1643030308905" dump="1643030309045"/><sessioninfo id="wificampus-118206.grenet.fr-8c5cc1d9" start="1643030309233" dump="1643030309370"/><sessioninfo id="wificampus-118206.grenet.fr-5d86001e" start="1643030309568" dump="1643030309703"/><sessioninfo id="wificampus-118206.grenet.fr-c5b3e1d0" start="1643030309895" dump="1643030310033"/><sessioninfo id="wificampus-118206.grenet.fr-c827d4c7" start="1643030310227" dump="1643030310366"/><sessioninfo id="wificampus-118206.grenet.fr-157836e6" start="1643030310563" dump="1643030310698"/><sessioninfo id="wificampus-118206.grenet.fr-eeeefd3e" start="1643030310888" dump="1643030311037"/><sessioninfo id="wificampus-118206.grenet.fr-9baf7fb2" start="1643030311243" dump="1643030311383"/><sessioninfo id="wificampus-118206.grenet.fr-4ffcba5a" start="1643030311580" dump="1643030311719"/><sessioninfo id="wificampus-118206.grenet.fr-818878cc" start="1643030311914" dump="1643030312052"/><sessioninfo id="wificampus-118206.grenet.fr-bb8ec9cd" start="1643030312245" dump="1643030312383"/><sessioninfo id="wificampus-118206.grenet.fr-63d42594" start="1643030312578" dump="1643030312728"/><sessioninfo id="wificampus-118206.grenet.fr-f2f6cd36" start="1643030312951" dump="1643030313126"/><sessioninfo id="wificampus-118206.grenet.fr-aa71e9a6" start="1643030313323" dump="1643030313463"/><sessioninfo id="wificampus-118206.grenet.fr-d5d22af9" start="1643030313660" dump="1643030313794"/><sessioninfo id="wificampus-118206.grenet.fr-25c052c7" start="1643030313990" dump="1643030314126"/><sessioninfo id="wificampus-118206.grenet.fr-2d443f57" start="1643030314325" dump="1643030314462"/><sessioninfo id="wificampus-118206.grenet.fr-21865c43" start="1643030314656" dump="1643030314797"/><sessioninfo id="wificampus-118206.grenet.fr-f13f9ba2" start="1643030314991" dump="1643030315125"/><sessioninfo id="wificampus-118206.grenet.fr-624d217a" start="1643030315324" dump="1643030315458"/><sessioninfo id="wificampus-118206.grenet.fr-930de15c" start="1643030315656" dump="1643030315792"/><sessioninfo id="wificampus-118206.grenet.fr-41dc16da" start="1643030315983" dump="1643030316117"/><sessioninfo id="wificampus-118206.grenet.fr-d774724b" start="1643030316315" dump="1643030316434"/><sessioninfo id="wificampus-118206.grenet.fr-d4046e50" start="1643030316624" dump="1643030316774"/><sessioninfo id="wificampus-118206.grenet.fr-e63bbde6" start="1643030316971" dump="1643030317113"/><sessioninfo id="wificampus-118206.grenet.fr-8c1b2476" start="1643030317308" dump="1643030317443"/><sessioninfo id="wificampus-118206.grenet.fr-ac3661e1" start="1643030317638" dump="1643030317775"/><sessioninfo id="wificampus-118206.grenet.fr-5fe2c0e8" start="1643030317971" dump="1643030318108"/><sessioninfo id="wificampus-118206.grenet.fr-91c9e42a" start="1643030318308" dump="1643030318443"/><sessioninfo id="wificampus-118206.grenet.fr-79424a94" start="1643030318638" dump="1643030318788"/><sessioninfo id="wificampus-118206.grenet.fr-f7804492" start="1643030318986" dump="1643030319130"/><sessioninfo id="wificampus-118206.grenet.fr-82473fb7" start="1643030319325" dump="1643030319479"/><sessioninfo id="wificampus-118206.grenet.fr-f34a552" start="1643030319672" dump="1643030319835"/><sessioninfo id="wificampus-118206.grenet.fr-d36f9813" start="1643030320031" dump="1643030320182"/><sessioninfo id="wificampus-118206.grenet.fr-6199aa9c" start="1643030320402" dump="1643030320570"/><sessioninfo id="wificampus-118206.grenet.fr-45bb8eeb" start="1643030320772" dump="1643030320915"/><sessioninfo id="wificampus-118206.grenet.fr-4e9344dc" start="1643030321114" dump="1643030321250"/><sessioninfo id="wificampus-118206.grenet.fr-a53021cd" start="1643030321449" dump="1643030321587"/><sessioninfo id="wificampus-118206.grenet.fr-ba554f0b" start="1643030321784" dump="1643030321919"/><sessioninfo id="wificampus-118206.grenet.fr-619127d9" start="1643030322116" dump="1643030322258"/><sessioninfo id="wificampus-118206.grenet.fr-928705c1" start="1643030322457" dump="1643030322594"/><sessioninfo id="wificampus-118206.grenet.fr-48f5a7dd" start="1643030322799" dump="1643030322936"/><sessioninfo id="wificampus-118206.grenet.fr-6fe1e7b8" start="1643030323135" dump="1643030323271"/><sessioninfo id="wificampus-118206.grenet.fr-9a51b13f" start="1643030323473" dump="1643030323612"/><sessioninfo id="wificampus-118206.grenet.fr-b2fdd5e3" start="1643030323812" dump="1643030323952"/><sessioninfo id="wificampus-118206.grenet.fr-a85b033c" start="1643030324153" dump="1643030324291"/><sessioninfo id="wificampus-118206.grenet.fr-e4dc5087" start="1643030324486" dump="1643030324630"/><sessioninfo id="wificampus-118206.grenet.fr-8022180b" start="1643030324825" dump="1643030324954"/><sessioninfo id="wificampus-118206.grenet.fr-172d2949" start="1643030325155" dump="1643030325286"/><sessioninfo id="wificampus-118206.grenet.fr-aff5de7c" start="1643030325483" dump="1643030325672"/><sessioninfo id="wificampus-118206.grenet.fr-f19358c9" start="1643030325883" dump="1643030326048"/><sessioninfo id="wificampus-118206.grenet.fr-50bdba6b" start="1643030326250" dump="1643030326385"/><sessioninfo id="wificampus-118206.grenet.fr-39f2ef4a" start="1643030327083" dump="1643030327359"/><sessioninfo id="wificampus-118206.grenet.fr-c591218c" start="1643030327496" dump="1643030327779"/><sessioninfo id="wificampus-118206.grenet.fr-56e661dd" start="1643030327911" dump="1643030328175"/><sessioninfo id="wificampus-118206.grenet.fr-aa13062b" start="1643030328317" dump="1643030328588"/><sessioninfo id="wificampus-118206.grenet.fr-f798e89b" start="1643030328734" dump="1643030328937"/><sessioninfo id="wificampus-118206.grenet.fr-3ab2ee7e" start="1643030329066" dump="1643030329271"/><sessioninfo id="wificampus-118206.grenet.fr-94128d69" start="1643030329416" dump="1643030329634"/><sessioninfo id="wificampus-118206.grenet.fr-63774046" start="1643030329768" dump="1643030330034"/><sessioninfo id="wificampus-118206.grenet.fr-94b334fc" start="1643030330183" dump="1643030330396"/><sessioninfo id="wificampus-118206.grenet.fr-bfc69816" start="1643030330539" dump="1643030330727"/><sessioninfo id="wificampus-118206.grenet.fr-f8d969c8" start="1643030330872" dump="1643030331082"/><sessioninfo id="wificampus-118206.grenet.fr-47035c08" start="1643030331217" dump="1643030331438"/><sessioninfo id="wificampus-118206.grenet.fr-39893d08" start="1643030331583" dump="1643030331831"/><sessioninfo id="wificampus-118206.grenet.fr-eade32f2" start="1643030331973" dump="1643030332202"/><sessioninfo id="wificampus-118206.grenet.fr-7ffe0f36" start="1643030332346" dump="1643030332567"/><sessioninfo id="wificampus-118206.grenet.fr-4b333027" start="1643030332699" dump="1643030332911"/><sessioninfo id="wificampus-118206.grenet.fr-4692224b" start="1643030333055" dump="1643030333275"/><sessioninfo id="wificampus-118206.grenet.fr-bcc55964" start="1643030333418" dump="1643030333624"/><sessioninfo id="wificampus-118206.grenet.fr-5071c4dd" start="1643030333761" dump="1643030333976"/><sessioninfo id="wificampus-118206.grenet.fr-c49dde2d" start="1643030334151" dump="1643030334364"/><sess
[...]
="0" ci="4" mb="0" cb="0"/><line nr="2725" mi="4" ci="6" mb="2" cb="2"/><line nr="2726" mi="0" ci="6" mb="0" cb="0"/><line nr="2727" mi="1" ci="12" mb="1" cb="1"/><line nr="2730" mi="0" ci="1" mb="0" cb="0"/><line nr="2733" mi="0" ci="3" mb="0" cb="0"/><line nr="2734" mi="0" ci="5" mb="0" cb="0"/><line nr="2739" mi="0" ci="3" mb="0" cb="0"/><line nr="2740" mi="0" ci="4" mb="0" cb="0"/><line nr="2741" mi="0" ci="6" mb="0" cb="0"/><line nr="2745" mi="0" ci="1" mb="0" cb="0"/><line nr="2746" mi="0" ci="3" mb="0" cb="0"/><line nr="2747" mi="5" ci="0" mb="0" cb="0"/><line nr="2748" mi="5" ci="0" mb="0" cb="0"/><line nr="2751" mi="0" ci="2" mb="0" cb="0"/><line nr="2753" mi="0" ci="2" mb="0" cb="0"/><line nr="2761" mi="6" ci="0" mb="0" cb="0"/><line nr="2763" mi="5" ci="0" mb="0" cb="0"/><line nr="2765" mi="6" ci="0" mb="0" cb="0"/><line nr="2768" mi="6" ci="0" mb="0" cb="0"/><line nr="2770" mi="5" ci="0" mb="0" cb="0"/><line nr="2772" mi="0" ci="4" mb="0" cb="0"/><line nr="2773" mi="0" ci="3" mb="0" cb="0"/><line nr="2774" mi="0" ci="1" mb="0" cb="0"/><line nr="2775" mi="2" ci="0" mb="0" cb="0"/><line nr="2779" mi="0" ci="9" mb="0" cb="0"/><line nr="2780" mi="0" ci="5" mb="0" cb="0"/><line nr="2782" mi="0" ci="4" mb="0" cb="0"/><line nr="2784" mi="0" ci="3" mb="0" cb="0"/><line nr="2785" mi="0" ci="4" mb="0" cb="0"/><line nr="2786" mi="0" ci="3" mb="0" cb="0"/><line nr="2787" mi="0" ci="4" mb="0" cb="0"/><line nr="2788" mi="0" ci="3" mb="0" cb="0"/><line nr="2789" mi="0" ci="11" mb="0" cb="0"/><line nr="2790" mi="0" ci="3" mb="0" cb="0"/><line nr="2791" mi="0" ci="4" mb="0" cb="0"/><line nr="2794" mi="1" ci="0" mb="0" cb="0"/><line nr="2795" mi="3" ci="0" mb="0" cb="0"/><line nr="2796" mi="5" ci="0" mb="0" cb="0"/><line nr="2797" mi="5" ci="0" mb="0" cb="0"/><line nr="2800" mi="0" ci="2" mb="0" cb="0"/><line nr="2802" mi="0" ci="2" mb="0" cb="0"/><line nr="2807" mi="5" ci="0" mb="0" cb="0"/><line nr="2809" mi="0" ci="4" mb="0" cb="0"/><line nr="2810" mi="0" ci="1" mb="0" cb="0"/><line nr="2811" mi="2" ci="0" mb="0" cb="0"/><line nr="2815" mi="0" ci="8" mb="0" cb="0"/><line nr="2816" mi="0" ci="5" mb="0" cb="0"/><line nr="2818" mi="0" ci="3" mb="0" cb="0"/><line nr="2819" mi="0" ci="4" mb="0" cb="0"/><line nr="2820" mi="0" ci="5" mb="1" cb="2"/><line nr="2822" mi="0" ci="4" mb="0" cb="0"/><line nr="2825" mi="0" ci="3" mb="0" cb="0"/><line nr="2828" mi="0" ci="1" mb="0" cb="0"/><line nr="2830" mi="0" ci="4" mb="0" cb="0"/><line nr="2832" mi="0" ci="3" mb="0" cb="0"/><line nr="2833" mi="0" ci="4" mb="0" cb="0"/><line nr="2835" mi="0" ci="3" mb="0" cb="0"/><line nr="2838" mi="0" ci="1" mb="0" cb="0"/><line nr="2840" mi="5" ci="0" mb="0" cb="0"/><line nr="2843" mi="1" ci="0" mb="0" cb="0"/><line nr="2844" mi="3" ci="0" mb="0" cb="0"/><line nr="2845" mi="5" ci="0" mb="0" cb="0"/><line nr="2846" mi="5" ci="0" mb="0" cb="0"/><line nr="2849" mi="0" ci="2" mb="0" cb="0"/><line nr="2851" mi="0" ci="2" mb="0" cb="0"/><line nr="2861" mi="4" ci="0" mb="0" cb="0"/><line nr="2864" mi="6" ci="0" mb="0" cb="0"/><line nr="2866" mi="4" ci="0" mb="0" cb="0"/><line nr="2868" mi="5" ci="0" mb="0" cb="0"/><line nr="2870" mi="5" ci="0" mb="0" cb="0"/><line nr="2872" mi="0" ci="4" mb="0" cb="0"/><line nr="2873" mi="0" ci="3" mb="0" cb="0"/><line nr="2874" mi="0" ci="3" mb="0" cb="0"/><line nr="2875" mi="0" ci="3" mb="0" cb="0"/><line nr="2876" mi="0" ci="1" mb="0" cb="0"/><line nr="2877" mi="2" ci="0" mb="0" cb="0"/><line nr="2881" mi="0" ci="11" mb="0" cb="0"/><line nr="2882" mi="0" ci="5" mb="0" cb="0"/><line nr="2885" mi="0" ci="4" mb="0" cb="0"/><line nr="2887" mi="0" ci="3" mb="0" cb="0"/><line nr="2888" mi="0" ci="8" mb="0" cb="0"/><line nr="2890" mi="4" ci="6" mb="2" cb="2"/><line nr="2891" mi="0" ci="6" mb="0" cb="0"/><line nr="2894" mi="0" ci="3" mb="0" cb="0"/><line nr="2895" mi="0" ci="4" mb="0" cb="0"/><line nr="2896" mi="0" ci="5" mb="0" cb="0"/><line nr="2897" mi="0" ci="3" mb="0" cb="2"/><line nr="2900" mi="0" ci="3" mb="0" cb="0"/><line nr="2901" mi="0" ci="4" mb="0" cb="0"/><line nr="2902" mi="0" ci="3" mb="0" cb="0"/><line nr="2903" mi="0" ci="8" mb="0" cb="0"/><line nr="2905" mi="4" ci="6" mb="2" cb="2"/><line nr="2906" mi="0" ci="6" mb="0" cb="0"/><line nr="2910" mi="0" ci="3" mb="0" cb="0"/><line nr="2911" mi="0" ci="4" mb="0" cb="0"/><line nr="2912" mi="0" ci="6" mb="0" cb="0"/><line nr="2916" mi="1" ci="0" mb="0" cb="0"/><line nr="2917" mi="3" ci="0" mb="0" cb="0"/><line nr="2918" mi="5" ci="0" mb="0" cb="0"/><line nr="2919" mi="5" ci="0" mb="0" cb="0"/><line nr="2922" mi="0" ci="2" mb="0" cb="0"/><line nr="2924" mi="0" ci="2" mb="0" cb="0"/><line nr="2935" mi="6" ci="0" mb="0" cb="0"/><line nr="2937" mi="5" ci="0" mb="0" cb="0"/><line nr="2939" mi="6" ci="0" mb="0" cb="0"/><line nr="2941" mi="5" ci="0" mb="0" cb="0"/><line nr="2943" mi="0" ci="4" mb="0" cb="0"/><line nr="2944" mi="0" ci="3" mb="0" cb="0"/><line nr="2945" mi="0" ci="3" mb="0" cb="0"/><line nr="2946" mi="0" ci="1" mb="0" cb="0"/><line nr="2947" mi="2" ci="0" mb="0" cb="0"/><line nr="2951" mi="0" ci="10" mb="0" cb="0"/><line nr="2952" mi="0" ci="5" mb="0" cb="0"/><line nr="2954" mi="0" ci="4" mb="0" cb="0"/><line nr="2958" mi="0" ci="4" mb="0" cb="0"/><line nr="2960" mi="0" ci="3" mb="0" cb="0"/><line nr="2961" mi="0" ci="4" mb="0" cb="0"/><line nr="2964" mi="4" ci="6" mb="2" cb="2"/><line nr="2965" mi="1" ci="12" mb="1" cb="1"/><line nr="2968" mi="0" ci="3" mb="0" cb="0"/><line nr="2969" mi="0" ci="4" mb="0" cb="0"/><line nr="2970" mi="0" ci="5" mb="0" cb="0"/><line nr="2971" mi="0" ci="3" mb="0" cb="2"/><line nr="2973" mi="0" ci="3" mb="0" cb="0"/><line nr="2974" mi="0" ci="5" mb="0" cb="0"/><line nr="2975" mi="0" ci="3" mb="0" cb="0"/><line nr="2976" mi="0" ci="4" mb="0" cb="0"/><line nr="2978" mi="4" ci="6" mb="2" cb="2"/><line nr="2979" mi="0" ci="7" mb="0" cb="0"/><line nr="2980" mi="0" ci="5" mb="0" cb="0"/><line nr="2986" mi="0" ci="13" mb="0" cb="0"/><line nr="2987" mi="1" ci="11" mb="1" cb="1"/><line nr="2991" mi="1" ci="0" mb="0" cb="0"/><line nr="2992" mi="3" ci="0" mb="0" cb="0"/><line nr="2993" mi="5" ci="0" mb="0" cb="0"/><line nr="2994" mi="5" ci="0" mb="0" cb="0"/><line nr="2997" mi="0" ci="2" mb="0" cb="0"/><line nr="2999" mi="0" ci="2" mb="0" cb="0"/><line nr="3010" mi="6" ci="0" mb="0" cb="0"/><line nr="3013" mi="6" ci="0" mb="0" cb="0"/><line nr="3015" mi="4" ci="0" mb="0" cb="0"/><line nr="3017" mi="5" ci="0" mb="0" cb="0"/><line nr="3020" mi="6" ci="0" mb="0" cb="0"/><line nr="3022" mi="4" ci="0" mb="0" cb="0"/><line nr="3024" mi="5" ci="0" mb="0" cb="0"/><line nr="3027" mi="6" ci="0" mb="0" cb="0"/><line nr="3029" mi="5" ci="0" mb="0" cb="0"/><line nr="3030" mi="5" ci="0" mb="0" cb="0"/><line nr="3032" mi="6" ci="0" mb="0" cb="0"/><line nr="3035" mi="0" ci="4" mb="0" cb="0"/><line nr="3036" mi="0" ci="1" mb="0" cb="0"/><line nr="3037" mi="2" ci="0" mb="0" cb="0"/><line nr="3041" mi="0" ci="8" mb="0" cb="0"/><line nr="3042" mi="0" ci="5" mb="0" cb="0"/><line nr="3048" mi="0" ci="4" mb="0" cb="0"/><line nr="3050" mi="0" ci="3" mb="0" cb="0"/><line nr="3051" mi="0" ci="4" mb="0" cb="0"/><line nr="3052" mi="0" ci="3" mb="0" cb="0"/><line nr="3053" mi="0" ci="4" mb="0" cb="0"/><line nr="3054" mi="0" ci="3" mb="0" cb="0"/><line nr="3055" mi="0" ci="4" mb="0" cb="0"/><line nr="3056" mi="0" ci="3" mb="0" cb="0"/><line nr="3057" mi="0" ci="4" mb="0" cb="0"/><line nr="3059" mi="4" ci="6" mb="2" cb="2"/><line nr="3060" mi="0" ci="4" mb="0" cb="0"/><line nr="3062" mi="0" ci="3" mb="0" cb="0"/><line nr="3063" mi="0" ci="4" mb="0" cb="0"/><line nr="3064" mi="0" ci="3" mb="0" cb="0"/><line nr="3065" mi="0" ci="4" mb="0" cb="0"/><line nr="3066" mi="0" ci="5" mb="1" cb="2"/><line nr="3069" mi="0" ci="3" mb="0" cb="0"/><line nr="3070" mi="0" ci="4" mb="0" cb="0"/><line nr="3072" mi="4" ci="6" mb="2" cb="2"/><line nr="3073" mi="4" ci="6" mb="2" cb="2"/><line nr="3074" mi="0" ci="10" mb="0" cb="0"/><line nr="3075" mi="1" ci="10" mb="1" cb="1"/><line nr="3079" mi="0" ci="1" mb="0" cb="0"/><line nr="3082" mi="0" ci="3" mb="0" cb="0"/><line nr="3083" mi="0" ci="4" mb="0" cb="0"/><line nr="3084" mi="0" ci="3" mb="0" cb="0"/><line nr="3085" mi="0" ci="4" mb="0" cb="0"/><line nr="3086" mi="0" ci="3" mb="0" cb="0"/><line nr="3087" mi="0" ci="4" mb="0" cb="0"/><line nr="3088" mi="0" ci="3" mb="0" cb="0"/><line nr="3089" mi="0" ci="4" mb="0" cb="0"/><line nr="3090" mi="0" ci="3" mb="0" cb="0"/><line nr="3091" mi="0" ci="4" mb="0" cb="0"/><line nr="3093" mi="4" ci="6" mb="2" cb="2"/><line nr="3094" mi="0" ci="10" mb="0" cb="0"/><line nr="3097" mi="0" ci="1" mb="0" cb="0"/><line nr="3099" mi="5" ci="0" mb="0" cb="0"/><line nr="3102" mi="4" ci="6" mb="2" cb="2"/><line nr="3103" mi="4" ci="6" mb="2" cb="2"/><line nr="3104" mi="0" ci="13" mb="0" cb="0"/><line nr="3105" mi="1" ci="11" mb="1" cb="1"/><line nr="3109" mi="1" ci="0" mb="0" cb="0"/><line nr="3110" mi="3" ci="0" mb="0" cb="0"/><line nr="3111" mi="5" ci="0" mb="0" cb="0"/><line nr="3112" mi="5" ci="0" mb="0" cb="0"/><line nr="3115" mi="0" ci="2" mb="0" cb="0"/><line nr="3117" mi="0" ci="2" mb="0" cb="0"/><line nr="3125" mi="4" ci="0" mb="0" cb="0"/><line nr="3128" mi="6" ci="0" mb="0" cb="0"/><line nr="3130" mi="4" ci="0" mb="0" cb="0"/><line nr="3132" mi="5" ci="0" mb="0" cb="0"/><line nr="3135" mi="0" ci="4" mb="0" cb="0"/><line nr="3136" mi="0" ci="1" mb="0" cb="0"/><line nr="3137" mi="2" ci="0" mb="0" cb="0"/><line nr="3141" mi="0" ci="8" mb="0" cb="0"/><line nr="3142" mi="0" ci="5" mb="0" cb="0"/><line nr="3144" mi="0" ci="5" mb="0" cb="0"/><line nr="3148" mi="0" ci="4" mb="0" cb="0"/><line nr="3150" mi="0" ci="3" mb="0" cb="0"/><line nr="3151" mi="0" ci="4" mb="0" cb="0"/><line nr="3152" mi="0" ci="5" mb="0" cb="0"/><line nr="3153" mi="0" ci="3" mb="0" cb="2"/><line nr="3155" mi="0" ci="3" mb="0" cb="0"/><line nr="3156" mi="0" ci="4" mb="0" cb="0"/><line nr="3158" mi="4" ci="6" mb="2" cb="2"/><line nr="3159" mi="0" ci="6" mb="0" cb="0"/><line nr="3162" mi="0" ci="3" mb="0" cb="0"/><line nr="3163" mi="0" ci="4" mb="0" cb="0"/><line nr="3164" mi="0" ci="5" mb="0" cb="0"/><line nr="3165" mi="0" ci="3" mb="0" cb="2"/><line nr="3168" mi="0" ci="3" mb="0" cb="0"/><line nr="3169" mi="0" ci="4" mb="0" cb="0"/><line nr="3170" mi="0" ci="3" mb="0" cb="0"/><line nr="3171" mi="0" ci="4" mb="0" cb="0"/><line nr="3173" mi="4" ci="6" mb="2" cb="2"/><line nr="3174" mi="0" ci="6" mb="0" cb="0"/><line nr="3178" mi="0" ci="3" mb="0" cb="0"/><line nr="3179" mi="0" ci="4" mb="0" cb="0"/><line nr="3180" mi="0" ci="6" mb="0" cb="0"/><line nr="3187" mi="1" ci="0" mb="0" cb="0"/><line nr="3188" mi="3" ci="0" mb="0" cb="0"/><line nr="3189" mi="5" ci="0" mb="0" cb="0"/><line nr="3190" mi="5" ci="0" mb="0" cb="0"/><line nr="3193" mi="0" ci="2" mb="0" cb="0"/><line nr="3195" mi="0" ci="2" mb="0" cb="0"/><line nr="3202" mi="5" ci="0" mb="0" cb="0"/><line nr="3203" mi="5" ci="0" mb="0" cb="0"/><line nr="3205" mi="0" ci="4" mb="0" cb="0"/><line nr="3206" mi="0" ci="1" mb="0" cb="0"/><line nr="3207" mi="2" ci="0" mb="0" cb="0"/><line nr="3211" mi="0" ci="8" mb="0" cb="0"/><line nr="3212" mi="0" ci="5" mb="0" cb="0"/><line nr="3214" mi="0" ci="3" mb="0" cb="0"/><line nr="3215" mi="0" ci="4" mb="0" cb="0"/><line nr="3216" mi="0" ci="5" mb="2" cb="1"/><line nr="3218" mi="4" ci="0" mb="0" cb="0"/><line nr="3220" mi="3" ci="0" mb="0" cb="0"/><line nr="3221" mi="5" ci="0" mb="0" cb="0"/><line nr="3223" mi="10" ci="0" mb="2" cb="0"/><line nr="3224" mi="6" ci="0" mb="0" cb="0"/><line nr="3227" mi="1" ci="0" mb="0" cb="0"/><line nr="3229" mi="0" ci="4" mb="0" cb="0"/><line nr="3231" mi="0" ci="3" mb="0" cb="0"/><line nr="3232" mi="0" ci="5" mb="0" cb="0"/><line nr="3234" mi="1" ci="9" mb="1" cb="1"/><line nr="3235" mi="0" ci="6" mb="0" cb="0"/><line nr="3238" mi="0" ci="1" mb="0" cb="0"/><line nr="3240" mi="5" ci="0" mb="0" cb="0"/><line nr="3243" mi="1" ci="0" mb="0" cb="0"/><line nr="3244" mi="3" ci="0" mb="0" cb="0"/><line nr="3245" mi="5" ci="0" mb="0" cb="0"/><line nr="3246" mi="5" ci="0" mb="0" cb="0"/><line nr="3249" mi="0" ci="2" mb="0" cb="0"/><line nr="3251" mi="0" ci="2" mb="0" cb="0"/><line nr="3259" mi="6" ci="0" mb="0" cb="0"/><line nr="3262" mi="6" ci="0" mb="0" cb="0"/><line nr="3265" mi="0" ci="4" mb="0" cb="0"/><line nr="3266" mi="0" ci="1" mb="0" cb="0"/><line nr="3267" mi="2" ci="0" mb="0" cb="0"/><line nr="3271" mi="0" ci="8" mb="0" cb="0"/><line nr="3272" mi="0" ci="5" mb="0" cb="0"/><line nr="3274" mi="0" ci="4" mb="0" cb="0"/><line nr="3276" mi="0" ci="3" mb="0" cb="0"/><line nr="3277" mi="0" ci="4" mb="0" cb="0"/><line nr="3278" mi="0" ci="3" mb="0" cb="0"/><line nr="3279" mi="0" ci="4" mb="0" cb="0"/><line nr="3281" mi="4" ci="6" mb="2" cb="2"/><line nr="3282" mi="4" ci="6" mb="2" cb="2"/><line nr="3283" mi="0" ci="11" mb="0" cb="0"/><line nr="3284" mi="1" ci="11" mb="1" cb="1"/><line nr="3288" mi="1" ci="0" mb="0" cb="0"/><line nr="3289" mi="3" ci="0" mb="0" cb="0"/><line nr="3290" mi="5" ci="0" mb="0" cb="0"/><line nr="3291" mi="5" ci="0" mb="0" cb="0"/><line nr="3294" mi="0" ci="2" mb="0" cb="0"/><line nr="3296" mi="0" ci="2" mb="0" cb="0"/><line nr="3300" mi="2" ci="0" mb="8" cb="0"/><line nr="3302" mi="6" ci="0" mb="0" cb="0"/><line nr="3304" mi="6" ci="0" mb="0" cb="0"/><line nr="3306" mi="6" ci="0" mb="0" cb="0"/><line nr="3308" mi="6" ci="0" mb="0" cb="0"/><line nr="3310" mi="6" ci="0" mb="0" cb="0"/><line nr="3312" mi="6" ci="0" mb="0" cb="0"/><line nr="3314" mi="6" ci="0" mb="0" cb="0"/><line nr="3316" mi="2" ci="0" mb="0" cb="0"/><line nr="3319" mi="2" ci="0" mb="2" cb="0"/><line nr="3321" mi="6" ci="0" mb="0" cb="0"/><line nr="3323" mi="2" ci="0" mb="0" cb="0"/><line nr="3326" mi="2" ci="0" mb="2" cb="0"/><line nr="3328" mi="6" ci="0" mb="0" cb="0"/><line nr="3330" mi="2" ci="0" mb="0" cb="0"/><line nr="3333" mi="2" ci="0" mb="3" cb="0"/><line nr="3335" mi="6" ci="0" mb="0" cb="0"/><line nr="3337" mi="6" ci="0" mb="0" cb="0"/><line nr="3339" mi="2" ci="0" mb="0" cb="0"/><line nr="3342" mi="2" ci="0" mb="6" cb="0"/><line nr="3344" mi="6" ci="0" mb="0" cb="0"/><line nr="3346" mi="6" ci="0" mb="0" cb="0"/><line nr="3348" mi="6" ci="0" mb="0" cb="0"/><line nr="3350" mi="6" ci="0" mb="0" cb="0"/><line nr="3352" mi="6" ci="0" mb="0" cb="0"/><line nr="3354" mi="2" ci="0" mb="0" cb="0"/><line nr="3357" mi="2" ci="0" mb="3" cb="0"/><line nr="3359" mi="6" ci="0" mb="0" cb="0"/><line nr="3361" mi="6" ci="0" mb="0" cb="0"/><line nr="3363" mi="2" ci="0" mb="0" cb="0"/><line nr="3366" mi="2" ci="0" mb="4" cb="0"/><line nr="3368" mi="6" ci="0" mb="0" cb="0"/><line nr="3370" mi="6" ci="0" mb="0" cb="0"/><line nr="3372" mi="6" ci="0" mb="0" cb="0"/><line nr="3374" mi="2" ci="0" mb="0" cb="0"/><line nr="3377" mi="2" ci="0" mb="2" cb="0"/><line nr="3379" mi="6" ci="0" mb="0" cb="0"/><line nr="3381" mi="2" ci="0" mb="0" cb="0"/><line nr="3588" mi="0" ci="4" mb="0" cb="0"/><line nr="3589" mi="0" ci="3" mb="0" cb="0"/><line nr="3591" mi="0" ci="4" mb="0" cb="0"/><line nr="3592" mi="0" ci="8" mb="0" cb="2"/><line nr="3593" mi="0" ci="10" mb="0" cb="0"/><line nr="3595" mi="0" ci="1" mb="0" cb="0"/><counter type="INSTRUCTION" missed="2263" covered="6631"/><counter type="BRANCH" missed="316" covered="383"/><counter type="LINE" missed="406" covered="1372"/><counter type="COMPLEXITY" missed="534" covered="151"/><counter type="METHOD" missed="227" covered="82"/><counter type="CLASS" missed="0" covered="38"/></sourcefile><sourcefile name="DecaLexer.java"><line nr="14" mi="0" ci="3" mb="0" cb="0"/><line nr="17" mi="0" ci="4" mb="0" cb="0"/><line nr="27" mi="0" ci="11" mb="0" cb="0"/><line nr="31" mi="0" ci="7" mb="0" cb="0"/><line nr="36" mi="0" ci="263" mb="0" cb="0"/><line nr="48" mi="0" ci="2" mb="0" cb="0"/><line nr="51" mi="0" ci="179" mb="0" cb="0"/><line nr="60" mi="0" ci="2" mb="0" cb="0"/><line nr="62" mi="0" ci="207" mb="0" cb="0"/><line nr="72" mi="0" ci="2" mb="0" cb="0"/><line nr="73" mi="0" ci="6" mb="0" cb="0"/><line nr="81" mi="0" ci="4" mb="0" cb="0"/><line nr="82" mi="0" ci="8" mb="0" cb="2"/><line nr="83" mi="0" ci="6" mb="0" cb="0"/><line nr="84" mi="0" ci="4" mb="0" cb="2"/><line nr="85" mi="0" ci="6" mb="0" cb="0"/><line nr="88" mi="0" ci="4" mb="0" cb="2"/><line nr="89" mi="0" ci="4" mb="0" cb="0"/><line nr="97" mi="2" ci="0" mb="0" cb="0"/><line nr="103" mi="0" ci="2" mb="0" cb="0"/><line nr="110" mi="0" ci="3" mb="0" cb="0"/><line nr="111" mi="0" ci="9" mb="0" cb="0"/><line nr="112" mi="0" ci="1" mb="0" cb="0"/><line nr="115" mi="2" ci="0" mb="0" cb="0"/><line nr="118" mi="2" ci="0" mb="0" cb="0"/><line nr="121" mi="2" ci="0" mb="0" cb="0"/><line nr="124" mi="2" ci="0" mb="0" cb="0"/><line nr="127" mi="2" ci="0" mb="0" cb="0"/><line nr="130" mi="2" ci="0" mb="0" cb="0"/><line nr="134" mi="0" ci="2" mb="2" cb="2"/><line nr="136" mi="0" ci="4" mb="0" cb="0"/><line nr="137" mi="0" ci="1" mb="0" cb="0"/><line nr="139" mi="0" ci="4" mb="0" cb="0"/><line nr="140" mi="0" ci="1" mb="0" cb="0"/><line nr="142" mi="4" ci="0" mb="0" cb="0"/><line nr="145" mi="0" ci="1" mb="0" cb="0"/><line nr="147" mi="0" ci="2" mb="1" cb="1"/><line nr="149" mi="0" ci="2" mb="0" cb="0"/><line nr="152" mi="0" ci="1" mb="0" cb="0"/><line nr="154" mi="0" ci="2" mb="1" cb="1"/><line nr="157" mi="0" ci="2" mb="0" cb="0"/><line nr="161" mi="0" ci="1" mb="0" cb="0"/><line nr="163" mi="2" ci="0" mb="2" cb="0"/><line nr="166" mi="4" ci="0" mb="0" cb="0"/><line nr="170" mi="1" ci="0" mb="0" cb="0"/><line nr="384" mi="0" ci="4" mb="0" cb="0"/><line nr="385" mi="0" ci="3" mb="0" cb="0"/><line nr="387" mi="0" ci="4" mb="0" cb="0"/><line nr="388" mi="0" ci="8" mb="0" cb="2"/><line nr="389" mi="0" ci="10" mb="0" cb="0"/><line nr="391" mi="0" ci="1" mb="0" cb="0"/><counter type="INSTRUCTION" missed="25" covered="790"/><counter type="BRANCH" missed="6" covered="12"/><counter type="LINE" missed="11" covered="40"/><counter type="COMPLEXITY" missed="13" covered="14"/><counter type="METHOD" missed="8" covered="9"/><counter type="CLASS" missed="0" covered="1"/></sourcefile><sourcefile name="DecacErrorListner.java"><line nr="24" mi="0" ci="4" mb="0" cb="0"/><line nr="28" mi="0" ci="2" mb="0" cb="0"/><line nr="29" mi="0" ci="3" mb="0" cb="0"/><line nr="30" mi="0" ci="1" mb="0" cb="0"/><line nr="36" mi="0" ci="2" mb="0" cb="0"/><line nr="37" mi="0" ci="2" mb="0" cb="2"/><line nr="38" mi="0" ci="3" mb="0" cb="0"/><line nr="41" mi="0" ci="2" mb="0" cb="2"/><line nr="42" mi="0" ci="3" mb="0" cb="0"/><line nr="43" mi="0" ci="5" mb="0" cb="0"/><line nr="44" mi="0" ci="2" mb="0" cb="0"/><line nr="45" mi="0" ci="5" mb="0" cb="0"/><line nr="46" mi="0" ci="3" mb="1" cb="1"/><line nr="47" mi="12" ci="0" mb="0" cb="0"/><line nr="48" mi="5" ci="0" mb="0" cb="0"/><line nr="50" mi="0" ci="10" mb="0" cb="0"/><line nr="53" mi="0" ci="3" mb="0" cb="2"/><line nr="56" mi="0" ci="5" mb="0" cb="0"/><line nr="58" mi="0" ci="4" mb="0" cb="0"/><line nr="60" mi="0" ci="7" mb="0" cb="0"/><line nr="62" mi="0" ci="9" mb="0" cb="0"/><line nr="68" mi="5" ci="0" mb="0" cb="0"/><line nr="73" mi="5" ci="0" mb="0" cb="0"/><line nr="78" mi="5" ci="0" mb="0" cb="0"/><counter type="INSTRUCTION" missed="32" covered="75"/><counter type="BRANCH" missed="1" covered="7"/><counter type="LINE" missed="5" covered="19"/><counter type="COMPLEXITY" missed="4" covered="6"/><counter type="METHOD" missed="3" covered="3"/><counter type="CLASS" missed="0" covered="1"/></sourcefile><counter type="INSTRUCTION" missed="2590" covered="7872"/><counter type="BRANCH" missed="353" covered="424"/><counter type="LINE" missed="487" covered="1524"/><counter type="COMPLEXITY" missed="589" covered="194"/><counter type="METHOD" missed="254" covered="113"/><counter type="CLASS" missed="4" covered="44"/></package><counter type="INSTRUCTION" missed="5337" covered="17803"/><counter type="BRANCH" missed="487" covered="813"/><counter type="LINE" missed="1097" covered="4037"/><counter type="COMPLEXITY" missed="855" covered="999"/><counter type="METHOD" missed="409" covered="763"/><counter type="CLASS" missed="29" covered="219"/></report>